This is pdfTeX, Version 3.1415926-2.5-1.40.14 (TeX Live 2013/Debian) (format=pdflatex 2015.5.6)  13 JUL 2016 00:17
entering extended mode
 restricted \write18 enabled.
 %&-line parsing enabled.
**UBL.tex
(./UBL.tex
LaTeX2e <2011/06/27>
Babel <3.9h> and hyphenation patterns for 4 languages loaded.
(/usr/share/texlive/texmf-dist/tex/latex/base/article.cls
Document Class: article 2007/10/19 v1.4h Standard LaTeX document class
(/usr/share/texlive/texmf-dist/tex/latex/base/size10.clo
File: size10.clo 2007/10/19 v1.4h Standard LaTeX file (size option)
)
\c@part=\count79
\c@section=\count80
\c@subsection=\count81
\c@subsubsection=\count82
\c@paragraph=\count83
\c@subparagraph=\count84
\c@figure=\count85
\c@table=\count86
\abovecaptionskip=\skip41
\belowcaptionskip=\skip42
\bibindent=\dimen102
)
(/usr/share/texlive/texmf-dist/tex/latex/graphics/graphicx.sty
Package: graphicx 1999/02/16 v1.0f Enhanced LaTeX Graphics (DPC,SPQR)

(/usr/share/texlive/texmf-dist/tex/latex/graphics/keyval.sty
Package: keyval 1999/03/16 v1.13 key=value parser (DPC)
\KV@toks@=\toks14
)
(/usr/share/texlive/texmf-dist/tex/latex/graphics/graphics.sty
Package: graphics 2009/02/05 v1.0o Standard LaTeX Graphics (DPC,SPQR)

(/usr/share/texlive/texmf-dist/tex/latex/graphics/trig.sty
Package: trig 1999/03/16 v1.09 sin cos tan (DPC)
)
(/usr/share/texlive/texmf-dist/tex/latex/latexconfig/graphics.cfg
File: graphics.cfg 2010/04/23 v1.9 graphics configuration of TeX Live
)
Package graphics Info: Driver file: pdftex.def on input line 91.

(/usr/share/texlive/texmf-dist/tex/latex/pdftex-def/pdftex.def
File: pdftex.def 2011/05/27 v0.06d Graphics/color for pdfTeX

(/usr/share/texlive/texmf-dist/tex/generic/oberdiek/infwarerr.sty
Package: infwarerr 2010/04/08 v1.3 Providing info/warning/error messages (HO)
)
(/usr/share/texlive/texmf-dist/tex/generic/oberdiek/ltxcmds.sty
Package: ltxcmds 2011/11/09 v1.22 LaTeX kernel commands for general use (HO)
)
\Gread@gobject=\count87
))
\Gin@req@height=\dimen103
\Gin@req@width=\dimen104
)
(/usr/share/texlive/texmf-dist/tex/latex/graphics/color.sty
Package: color 2005/11/14 v1.0j Standard LaTeX Color (DPC)

(/usr/share/texlive/texmf-dist/tex/latex/latexconfig/color.cfg
File: color.cfg 2007/01/18 v1.5 color configuration of teTeX/TeXLive
)
Package color Info: Driver file: pdftex.def on input line 130.
)
(/usr/share/texlive/texmf-dist/tex/latex/framed/framed.sty
Package: framed 2011/10/22 v 0.96: framed or shaded text with page breaks
\OuterFrameSep=\skip43
\fb@frw=\dimen105
\fb@frh=\dimen106
\FrameRule=\dimen107
\FrameSep=\dimen108
)
(/usr/share/texlive/texmf-dist/tex/latex/base/alltt.sty
Package: alltt 1997/06/16 v2.0g defines alltt environment
)
(/usr/share/texlive/texmf-dist/tex/latex/base/inputenc.sty
Package: inputenc 2008/03/30 v1.1d Input encoding file
\inpenc@prehook=\toks15
\inpenc@posthook=\toks16

(/usr/share/texlive/texmf-dist/tex/latex/ucs/utf8x.def
File: utf8x.def 2004/10/17 UCS: Input encoding UTF-8
))
(/usr/share/texlive/texmf-dist/tex/latex/ucs/ucs.sty
Package: ucs 2013/05/11 v2.2 UCS: Unicode input support

(/usr/share/texlive/texmf-dist/tex/latex/ucs/data/uni-global.def
File: uni-global.def 2013/05/13 UCS: Unicode global data
)
\uc@secondtry=\count88
\uc@combtoks=\toks17
\uc@combtoksb=\toks18
\uc@temptokena=\toks19
)
(/usr/share/texlive/texmf-dist/tex/latex/amsmath/amsmath.sty
Package: amsmath 2013/01/14 v2.14 AMS math features
\@mathmargin=\skip44

For additional information on amsmath, use the `?' option.
(/usr/share/texlive/texmf-dist/tex/latex/amsmath/amstext.sty
Package: amstext 2000/06/29 v2.01

(/usr/share/texlive/texmf-dist/tex/latex/amsmath/amsgen.sty
File: amsgen.sty 1999/11/30 v2.0
\@emptytoks=\toks20
\ex@=\dimen109
))
(/usr/share/texlive/texmf-dist/tex/latex/amsmath/amsbsy.sty
Package: amsbsy 1999/11/29 v1.2d
\pmbraise@=\dimen110
)
(/usr/share/texlive/texmf-dist/tex/latex/amsmath/amsopn.sty
Package: amsopn 1999/12/14 v2.01 operator names
)
\inf@bad=\count89
LaTeX Info: Redefining \frac on input line 210.
\uproot@=\count90
\leftroot@=\count91
LaTeX Info: Redefining \overline on input line 306.
\classnum@=\count92
\DOTSCASE@=\count93
LaTeX Info: Redefining \ldots on input line 378.
LaTeX Info: Redefining \dots on input line 381.
LaTeX Info: Redefining \cdots on input line 466.
\Mathstrutbox@=\box26
\strutbox@=\box27
\big@size=\dimen111
LaTeX Font Info:    Redeclaring font encoding OML on input line 566.
LaTeX Font Info:    Redeclaring font encoding OMS on input line 567.
\macc@depth=\count94
\c@MaxMatrixCols=\count95
\dotsspace@=\muskip10
\c@parentequation=\count96
\dspbrk@lvl=\count97
\tag@help=\toks21
\row@=\count98
\column@=\count99
\maxfields@=\count100
\andhelp@=\toks22
\eqnshift@=\dimen112
\alignsep@=\dimen113
\tagshift@=\dimen114
\tagwidth@=\dimen115
\totwidth@=\dimen116
\lineht@=\dimen117
\@envbody=\toks23
\multlinegap=\skip45
\multlinetaggap=\skip46
\mathdisplay@stack=\toks24
LaTeX Info: Redefining \[ on input line 2665.
LaTeX Info: Redefining \] on input line 2666.
)
(/usr/share/texlive/texmf-dist/tex/latex/amsfonts/amsfonts.sty
Package: amsfonts 2013/01/14 v3.01 Basic AMSFonts support
\symAMSa=\mathgroup4
\symAMSb=\mathgroup5
LaTeX Font Info:    Overwriting math alphabet `\mathfrak' in version `bold'
(Font)                  U/euf/m/n --> U/euf/b/n on input line 106.
)
(/usr/share/texlive/texmf-dist/tex/latex/amsfonts/amssymb.sty
Package: amssymb 2013/01/14 v3.01 AMS font symbols
)
(/usr/share/texlive/texmf-dist/tex/latex/caption/subcaption.sty
Package: subcaption 2013/02/03 v1.1-62 Sub-captions (AR)

(/usr/share/texlive/texmf-dist/tex/latex/caption/caption.sty
Package: caption 2013/05/02 v3.3-89 Customizing captions (AR)

(/usr/share/texlive/texmf-dist/tex/latex/caption/caption3.sty
Package: caption3 2013/05/02 v1.6-88 caption3 kernel (AR)
Package caption3 Info: TeX engine: e-TeX on input line 57.
\captionmargin=\dimen118
\captionmargin@=\dimen119
\captionwidth=\dimen120
\caption@tempdima=\dimen121
\caption@indent=\dimen122
\caption@parindent=\dimen123
\caption@hangindent=\dimen124
)
\c@ContinuedFloat=\count101
)
\c@subfigure=\count102
\c@subtable=\count103
)
(/usr/share/texlive/texmf-dist/tex/latex/natbib/natbib.sty
Package: natbib 2010/09/13 8.31b (PWD, AO)
\bibhang=\skip47
\bibsep=\skip48
LaTeX Info: Redefining \cite on input line 694.
\c@NAT@ctr=\count104
)
(/usr/share/texlive/texmf-dist/tex/latex/tools/array.sty
Package: array 2008/09/09 v2.4c Tabular extension package (FMi)
\col@sep=\dimen125
\extrarowheight=\dimen126
\NC@list=\toks25
\extratabsurround=\skip49
\backup@length=\skip50
)
(/usr/share/texlive/texmf-dist/tex/latex/booktabs/booktabs.sty
Package: booktabs 2005/04/14 v1.61803 publication quality tables
\heavyrulewidth=\dimen127
\lightrulewidth=\dimen128
\cmidrulewidth=\dimen129
\belowrulesep=\dimen130
\belowbottomsep=\dimen131
\aboverulesep=\dimen132
\abovetopsep=\dimen133
\cmidrulesep=\dimen134
\cmidrulekern=\dimen135
\defaultaddspace=\dimen136
\@cmidla=\count105
\@cmidlb=\count106
\@aboverulesep=\dimen137
\@belowrulesep=\dimen138
\@thisruleclass=\count107
\@lastruleclass=\count108
\@thisrulewidth=\dimen139
)
(/usr/share/texlive/texmf-dist/tex/latex/multirow/multirow.sty
\bigstrutjot=\dimen140
)
(/usr/share/texlive/texmf-dist/tex/latex/url/url.sty
\Urlmuskip=\muskip11
Package: url 2013/09/16  ver 3.4  Verb mode for urls, etc.
)
(/usr/share/texlive/texmf-dist/tex/latex/fancyvrb/fancyvrb.sty
Package: fancyvrb 2008/02/07

Style option: `fancyvrb' v2.7a, with DG/SPQR fixes, and firstline=lastline fix 
<2008/02/07> (tvz)
\FV@CodeLineNo=\count109
\FV@InFile=\read1
\FV@TabBox=\box28
\c@FancyVerbLine=\count110
\FV@StepNumber=\count111
\FV@OutFile=\write3
)
(/usr/share/texlive/texmf-dist/tex/latex/hyperref/hyperref.sty
Package: hyperref 2012/11/06 v6.83m Hypertext links for LaTeX

(/usr/share/texlive/texmf-dist/tex/generic/oberdiek/hobsub-hyperref.sty
Package: hobsub-hyperref 2012/05/28 v1.13 Bundle oberdiek, subset hyperref (HO)


(/usr/share/texlive/texmf-dist/tex/generic/oberdiek/hobsub-generic.sty
Package: hobsub-generic 2012/05/28 v1.13 Bundle oberdiek, subset generic (HO)
Package: hobsub 2012/05/28 v1.13 Construct package bundles (HO)
Package hobsub Info: Skipping package `infwarerr' (already loaded).
Package hobsub Info: Skipping package `ltxcmds' (already loaded).
Package: ifluatex 2010/03/01 v1.3 Provides the ifluatex switch (HO)
Package ifluatex Info: LuaTeX not detected.
Package: ifvtex 2010/03/01 v1.5 Detect VTeX and its facilities (HO)
Package ifvtex Info: VTeX not detected.
Package: intcalc 2007/09/27 v1.1 Expandable calculations with integers (HO)
Package: ifpdf 2011/01/30 v2.3 Provides the ifpdf switch (HO)
Package ifpdf Info: pdfTeX in PDF mode is detected.
Package: etexcmds 2011/02/16 v1.5 Avoid name clashes with e-TeX commands (HO)
Package etexcmds Info: Could not find \expanded.
(etexcmds)             That can mean that you are not using pdfTeX 1.50 or
(etexcmds)             that some package has redefined \expanded.
(etexcmds)             In the latter case, load this package earlier.
Package: kvsetkeys 2012/04/25 v1.16 Key value parser (HO)
Package: kvdefinekeys 2011/04/07 v1.3 Define keys (HO)
Package: pdftexcmds 2011/11/29 v0.20 Utility functions of pdfTeX for LuaTeX (HO
)
Package pdftexcmds Info: LuaTeX not detected.
Package pdftexcmds Info: \pdf@primitive is available.
Package pdftexcmds Info: \pdf@ifprimitive is available.
Package pdftexcmds Info: \pdfdraftmode found.
Package: pdfescape 2011/11/25 v1.13 Implements pdfTeX's escape features (HO)
Package: bigintcalc 2012/04/08 v1.3 Expandable calculations on big integers (HO
)
Package: bitset 2011/01/30 v1.1 Handle bit-vector datatype (HO)
Package: uniquecounter 2011/01/30 v1.2 Provide unlimited unique counter (HO)
)
Package hobsub Info: Skipping package `hobsub' (already loaded).
Package: letltxmacro 2010/09/02 v1.4 Let assignment for LaTeX macros (HO)
Package: hopatch 2012/05/28 v1.2 Wrapper for package hooks (HO)
Package: xcolor-patch 2011/01/30 xcolor patch
Package: atveryend 2011/06/30 v1.8 Hooks at the very end of document (HO)
Package atveryend Info: \enddocument detected (standard20110627).
Package: atbegshi 2011/10/05 v1.16 At begin shipout hook (HO)
Package: refcount 2011/10/16 v3.4 Data extraction from label references (HO)
Package: hycolor 2011/01/30 v1.7 Color options for hyperref/bookmark (HO)
)
(/usr/share/texlive/texmf-dist/tex/generic/ifxetex/ifxetex.sty
Package: ifxetex 2010/09/12 v0.6 Provides ifxetex conditional
)
(/usr/share/texlive/texmf-dist/tex/latex/oberdiek/auxhook.sty
Package: auxhook 2011/03/04 v1.3 Hooks for auxiliary files (HO)
)
(/usr/share/texlive/texmf-dist/tex/latex/oberdiek/kvoptions.sty
Package: kvoptions 2011/06/30 v3.11 Key value format for package options (HO)
)
\@linkdim=\dimen141
\Hy@linkcounter=\count112
\Hy@pagecounter=\count113

(/usr/share/texlive/texmf-dist/tex/latex/hyperref/pd1enc.def
File: pd1enc.def 2012/11/06 v6.83m Hyperref: PDFDocEncoding definition (HO)
)
\Hy@SavedSpaceFactor=\count114

(/usr/share/texlive/texmf-dist/tex/latex/latexconfig/hyperref.cfg
File: hyperref.cfg 2002/06/06 v1.2 hyperref configuration of TeXLive
)
Package hyperref Info: Option `unicode' set `true' on input line 4319.

(/usr/share/texlive/texmf-dist/tex/latex/hyperref/puenc.def
File: puenc.def 2012/11/06 v6.83m Hyperref: PDF Unicode definition (HO)
)
Package hyperref Info: Option `pdfusetitle' set `true' on input line 4319.
Package hyperref Info: Option `bookmarks' set `true' on input line 4319.
Package hyperref Info: Option `bookmarksnumbered' set `true' on input line 4319
.
Package hyperref Info: Option `bookmarksopen' set `true' on input line 4319.
Package hyperref Info: Option `breaklinks' set `false' on input line 4319.
Package hyperref Info: Option `colorlinks' set `false' on input line 4319.
Package hyperref Info: Hyper figures OFF on input line 4443.
Package hyperref Info: Link nesting OFF on input line 4448.
Package hyperref Info: Hyper index ON on input line 4451.
Package hyperref Info: Plain pages OFF on input line 4458.
Package hyperref Info: Backreferencing OFF on input line 4463.
Package hyperref Info: Implicit mode ON; LaTeX internals redefined.
Package hyperref Info: Bookmarks ON on input line 4688.
\c@Hy@tempcnt=\count115
LaTeX Info: Redefining \url on input line 5041.
\XeTeXLinkMargin=\dimen142
\Fld@menulength=\count116
\Field@Width=\dimen143
\Fld@charsize=\dimen144
Package hyperref Info: Hyper figures OFF on input line 6295.
Package hyperref Info: Link nesting OFF on input line 6300.
Package hyperref Info: Hyper index ON on input line 6303.
Package hyperref Info: backreferencing OFF on input line 6310.
Package hyperref Info: Link coloring OFF on input line 6315.
Package hyperref Info: Link coloring with OCG OFF on input line 6320.
Package hyperref Info: PDF/A mode OFF on input line 6325.
LaTeX Info: Redefining \ref on input line 6365.
LaTeX Info: Redefining \pageref on input line 6369.
\Hy@abspage=\count117
\c@Item=\count118
\c@Hfootnote=\count119
)

Package hyperref Message: Driver (autodetected): hpdftex.

(/usr/share/texlive/texmf-dist/tex/latex/hyperref/hpdftex.def
File: hpdftex.def 2012/11/06 v6.83m Hyperref driver for pdfTeX
\Fld@listcount=\count120
\c@bookmark@seq@number=\count121

(/usr/share/texlive/texmf-dist/tex/latex/oberdiek/rerunfilecheck.sty
Package: rerunfilecheck 2011/04/15 v1.7 Rerun checks for auxiliary files (HO)
Package uniquecounter Info: New unique counter `rerunfilecheck' on input line 2
82.
)
\Hy@SectionHShift=\skip51
)
(/usr/share/texlive/texmf-dist/tex/latex/breakurl/breakurl.sty
Package: breakurl 2013/04/10 v1.40 Breakable hyperref URLs

(/usr/share/texlive/texmf-dist/tex/latex/xkeyval/xkeyval.sty
Package: xkeyval 2012/10/14 v2.6b package option processing (HA)

(/usr/share/texlive/texmf-dist/tex/generic/xkeyval/xkeyval.tex
\XKV@toks=\toks26
\XKV@tempa@toks=\toks27
\XKV@depth=\count122
File: xkeyval.tex 2012/10/14 v2.6b key=value parser (HA)
))

Package breakurl Warning: You are using breakurl while processing via pdflatex.

(breakurl)                \burl will be just a synonym of \url.
(breakurl)                 on input line 48.

) (/usr/share/texlive/texmf-dist/tex/latex/upquote/upquote.sty
Package: upquote 2012/04/19 v1.3 upright-quote and grave-accent glyphs in verba
tim
) (./UBL.aux)
\openout1 = `UBL.aux'.

LaTeX Font Info:    Checking defaults for OML/cmm/m/it on input line 85.
LaTeX Font Info:    ... okay on input line 85.
LaTeX Font Info:    Checking defaults for T1/cmr/m/n on input line 85.
LaTeX Font Info:    ... okay on input line 85.
LaTeX Font Info:    Checking defaults for OT1/cmr/m/n on input line 85.
LaTeX Font Info:    ... okay on input line 85.
LaTeX Font Info:    Checking defaults for OMS/cmsy/m/n on input line 85.
LaTeX Font Info:    ... okay on input line 85.
LaTeX Font Info:    Checking defaults for OMX/cmex/m/n on input line 85.
LaTeX Font Info:    ... okay on input line 85.
LaTeX Font Info:    Checking defaults for U/cmr/m/n on input line 85.
LaTeX Font Info:    ... okay on input line 85.
LaTeX Font Info:    Checking defaults for PD1/pdf/m/n on input line 85.
LaTeX Font Info:    ... okay on input line 85.
LaTeX Font Info:    Checking defaults for PU/pdf/m/n on input line 85.
LaTeX Font Info:    ... okay on input line 85.

(/usr/share/texlive/texmf-dist/tex/context/base/supp-pdf.mkii
[Loading MPS to PDF converter (version 2006.09.02).]
\scratchcounter=\count123
\scratchdimen=\dimen145
\scratchbox=\box29
\nofMPsegments=\count124
\nofMParguments=\count125
\everyMPshowfont=\toks28
\MPscratchCnt=\count126
\MPscratchDim=\dimen146
\MPnumerator=\count127
\makeMPintoPDFobject=\count128
\everyMPtoPDFconversion=\toks29
) (/usr/share/texlive/texmf-dist/tex/latex/oberdiek/epstopdf-base.sty
Package: epstopdf-base 2010/02/09 v2.5 Base part for package epstopdf

(/usr/share/texlive/texmf-dist/tex/latex/oberdiek/grfext.sty
Package: grfext 2010/08/19 v1.1 Manage graphics extensions (HO)
)
Package grfext Info: Graphics extension search list:
(grfext)             [.png,.pdf,.jpg,.mps,.jpeg,.jbig2,.jb2,.PNG,.PDF,.JPG,.JPE
G,.JBIG2,.JB2,.eps]
(grfext)             \AppendGraphicsExtensions on input line 452.

(/usr/share/texlive/texmf-dist/tex/latex/latexconfig/epstopdf-sys.cfg
File: epstopdf-sys.cfg 2010/07/13 v1.3 Configuration of (r)epstopdf for TeX Liv
e
))
(/usr/share/texlive/texmf-dist/tex/latex/ucs/ucsencs.def
File: ucsencs.def 2011/01/21 Fixes to fontencodings LGR, T3
)
Package caption Info: Begin \AtBeginDocument code.
Package caption Info: hyperref package is loaded.
Package caption Info: End \AtBeginDocument code.
\AtBeginShipoutBox=\box30
Package hyperref Info: Link coloring OFF on input line 85.

(/usr/share/texlive/texmf-dist/tex/latex/hyperref/nameref.sty
Package: nameref 2012/10/27 v2.43 Cross-referencing by name of section

(/usr/share/texlive/texmf-dist/tex/generic/oberdiek/gettitlestring.sty
Package: gettitlestring 2010/12/03 v1.4 Cleanup title references (HO)
)
\c@section@level=\count129
)
LaTeX Info: Redefining \ref on input line 85.
LaTeX Info: Redefining \pageref on input line 85.
LaTeX Info: Redefining \nameref on input line 85.

(./UBL.out) (./UBL.out)
\@outlinefile=\write4
\openout4 = `UBL.out'.

LaTeX Font Info:    Try loading font information for U+msa on input line 91.

(/usr/share/texlive/texmf-dist/tex/latex/amsfonts/umsa.fd
File: umsa.fd 2013/01/14 v3.01 AMS symbols A
)
LaTeX Font Info:    Try loading font information for U+msb on input line 91.

(/usr/share/texlive/texmf-dist/tex/latex/amsfonts/umsb.fd
File: umsb.fd 2013/01/14 v3.01 AMS symbols B
)
LaTeX Font Info:    Try loading font information for OMS+cmtt on input line 91.


(/usr/share/R/share/texmf/tex/latex/omscmtt.fd
File: omscmtt.fd 
)
LaTeX Font Info:    Font shape `OMS/cmtt/m/n' in size <12> not available
(Font)              Font shape `OMS/cmsy/m/n' tried instead on input line 91.
 [1

{/var/lib/texmf/fonts/map/pdftex/updmap/pdftex.map}]
Overfull \hbox (7.44511pt too wide) in paragraph at lines 111--112
\OT1/cmr/m/n/10 usu-ally ex-pressed through a cost/benefit ma-trix (in clas-si-
fi-ca-tion) or a cost/benefit
 []

[2]
Package color Info: Redefining color shadecolor on input line 129.
LaTeX Font Info:    Font shape `OT1/cmtt/bx/n' in size <8> not available
(Font)              Font shape `OT1/cmtt/m/n' tried instead on input line 131.
Package color Info: Redefining color shadecolor on input line 142.
Package color Info: Redefining color shadecolor on input line 157.
 [3]
LaTeX Font Info:    Try loading font information for OMS+cmr on input line 204.

 (/usr/share/texlive/texmf-dist/tex/latex/base/omscmr.fd
File: omscmr.fd 1999/05/25 v2.5h Standard LaTeX font definitions
)
LaTeX Font Info:    Font shape `OMS/cmr/m/n' in size <10> not available
(Font)              Font shape `OMS/cmsy/m/n' tried instead on input line 204.
Package color Info: Redefining color shadecolor on input line 223.

<figures/UBL-OriginalC-1.pdf, id=145, 505.89pt x 505.89pt>
File: figures/UBL-OriginalC-1.pdf Graphic file (type pdf)

<use figures/UBL-OriginalC-1.pdf>
Package pdftex.def Info: figures/UBL-OriginalC-1.pdf used on input line 225.
(pdftex.def)             Requested size: 172.5pt x 172.50206pt.
Package color Info: Redefining color shadecolor on input line 237.

<figures/UBL-OriginalR-1.pdf, id=146, 505.89pt x 505.89pt>
File: figures/UBL-OriginalR-1.pdf Graphic file (type pdf)

<use figures/UBL-OriginalR-1.pdf>
Package pdftex.def Info: figures/UBL-OriginalR-1.pdf used on input line 239.
(pdftex.def)             Requested size: 172.5pt x 172.50206pt.
 [4] [5 <./figures/UBL-OriginalC-1.pdf> <./figures/UBL-OriginalR-1.pdf>]
Overfull \hbox (11.09055pt too wide) in paragraph at lines 259--260
[]$\OT1/cmr/m/n/10 (\OML/cmm/m/it/10 X\OT1/cmr/m/n/10 1\OML/cmm/m/it/10 ; X\OT1
/cmr/m/n/10 2) \OMS/cmsy/m/n/10 ^^X []$\OT1/cmr/m/n/10 , where $\OML/cmm/m/it/1
0 ^^Z \OMS/cmsy/m/n/10 ^^X \OT1/cmr/bx/n/10 9[] \OT1/cmr/m/n/10 + \OT1/cmr/bx/n
/10 N[] []$
 []

Package color Info: Redefining color shadecolor on input line 276.
Package color Info: Redefining color shadecolor on input line 308.
[6]
Package color Info: Redefining color shadecolor on input line 337.

Overfull \hbox (21.78596pt too wide) in paragraph at lines 341--341
[][]\OT1/cmtt/m/it/8 # because the default distance (Euclidean) is not possible
 to use with nominal features[][] 
 []

Package color Info: Redefining color shadecolor on input line 367.
Package color Info: Redefining color shadecolor on input line 396.
[7]
Package color Info: Redefining color shadecolor on input line 426.
Package color Info: Redefining color shadecolor on input line 438.
Package color Info: Redefining color shadecolor on input line 451.
 <figures/UBL-ImbR_RF1-1.pdf, id=186, 578.16pt x 505.89pt>
File: figures/UBL-ImbR_RF1-1.pdf Graphic file (type pdf)

<use figures/UBL-ImbR_RF1-1.pdf>
Package pdftex.def Info: figures/UBL-ImbR_RF1-1.pdf used on input line 453.
(pdftex.def)             Requested size: 241.49895pt x 211.30673pt.
Package color Info: Redefining color shadecolor on input line 467.
 [8]
Package color Info: Redefining color shadecolor on input line 479.

<figures/UBL-ImbR_RU1-1.pdf, id=193, 578.16pt x 505.89pt>
File: figures/UBL-ImbR_RU1-1.pdf Graphic file (type pdf)

<use figures/UBL-ImbR_RU1-1.pdf>
Package pdftex.def Info: figures/UBL-ImbR_RU1-1.pdf used on input line 481.
(pdftex.def)             Requested size: 241.49895pt x 211.30673pt.
Package color Info: Redefining color shadecolor on input line 499.

Overfull \hbox (24.75531pt too wide) in paragraph at lines 502--502
[][]\OT1/cmtt/m/n/8 train2[] []<-[] []GaussNoiseRegress[][](Tgt[][]~[][]., trai
n1,[] []thr.rel[][]=[][]0.8[][],[] []C.perc[][]=[][]list[][]([][]0.8[][],[] []2
[][]),[] []pert[][]=[][]0.01[][])[][] 
 []

Package color Info: Redefining color shadecolor on input line 511.
<figures/UBL-ImbR_Comb1-1.pdf, id=196, 578.16pt x 505.89pt>
File: figures/UBL-ImbR_Comb1-1.pdf Graphic file (type pdf)

<use figures/UBL-ImbR_Comb1-1.pdf>
Package pdftex.def Info: figures/UBL-ImbR_Comb1-1.pdf used on input line 513.
(pdftex.def)             Requested size: 241.49895pt x 211.30673pt.
Package color Info: Redefining color shadecolor on input line 528.

<figures/UBL-ImbR_difs-1.pdf, id=198, 505.89pt x 505.89pt>
File: figures/UBL-ImbR_difs-1.pdf Graphic file (type pdf)

<use figures/UBL-ImbR_difs-1.pdf>
Package pdftex.def Info: figures/UBL-ImbR_difs-1.pdf used on input line 530.
(pdftex.def)             Requested size: 310.4979pt x 310.4991pt.
 [9 <./figures/UBL-ImbR_RF1-1.pdf>] [10 <./figures/UBL-ImbR_RU1-1.pdf> <./figur
es/UBL-ImbR_Comb1-1.pdf>] [11 <./figures/UBL-ImbR_difs-1.pdf>]
Package color Info: Redefining color shadecolor on input line 565.
 [12]
Package color Info: Redefining color shadecolor on input line 597.
 <figures/UBL-Iris_RU1-1.pdf, id=249, 505.89pt x 722.7pt>
File: figures/UBL-Iris_RU1-1.pdf Graphic file (type pdf)

<use figures/UBL-Iris_RU1-1.pdf>
Package pdftex.def Info: figures/UBL-Iris_RU1-1.pdf used on input line 599.
(pdftex.def)             Requested size: 276.00105pt x 394.28825pt.
Package color Info: Redefining color shadecolor on input line 612.
 [13 <./figures/UBL-Iris_RU1-1.pdf>]
Package color Info: Redefining color shadecolor on input line 644.

<figures/UBL-Iris_RU2-1.pdf, id=262, 505.89pt x 722.7pt>
File: figures/UBL-Iris_RU2-1.pdf Graphic file (type pdf)

<use figures/UBL-Iris_RU2-1.pdf>
Package pdftex.def Info: figures/UBL-Iris_RU2-1.pdf used on input line 646.
(pdftex.def)             Requested size: 345.0pt x 492.86307pt.
Package color Info: Redefining color shadecolor on input line 665.
Package color Info: Redefining color shadecolor on input line 703.

<figures/UBL-IrisRO-1.pdf, id=264, 505.89pt x 505.89pt>
File: figures/UBL-IrisRO-1.pdf Graphic file (type pdf)

<use figures/UBL-IrisRO-1.pdf>
Package pdftex.def Info: figures/UBL-IrisRO-1.pdf used on input line 705.
(pdftex.def)             Requested size: 276.00105pt x 276.00177pt.
Package color Info: Redefining color shadecolor on input line 720.

<figures/UBL-Iris_RO2-1.pdf, id=266, 505.89pt x 505.89pt>
File: figures/UBL-Iris_RO2-1.pdf Graphic file (type pdf)

<use figures/UBL-Iris_RO2-1.pdf>
Package pdftex.def Info: figures/UBL-Iris_RO2-1.pdf used on input line 722.
(pdftex.def)             Requested size: 345.0pt x 345.00414pt.
 [14] [15 <./figures/UBL-Iris_RU2-1.pdf>]
Overfull \hbox (10.02747pt too wide) in paragraph at lines 736--737
[]\OT1/cmr/m/n/10 This strat-egy is avail-able in \OT1/cmtt/m/n/10 UBL \OT1/cmr
/m/n/10 pack-age through the func-tion \OT1/cmtt/m/n/10 ImpSampClassif\OT1/cmr/
m/n/10 .
 []

Package color Info: Redefining color shadecolor on input line 740.
[16]
Package color Info: Redefining color shadecolor on input line 788.
 <figures/UBL-ISC-1.pdf, id=290, 505.89pt x 505.89pt>
File: figures/UBL-ISC-1.pdf Graphic file (type pdf)

<use figures/UBL-ISC-1.pdf>
Package pdftex.def Info: figures/UBL-ISC-1.pdf used on input line 790.
(pdftex.def)             Requested size: 345.0pt x 345.00414pt.
Package color Info: Redefining color shadecolor on input line 805.

<figures/UBL-ISC_2-1.pdf, id=292, 505.89pt x 505.89pt>
File: figures/UBL-ISC_2-1.pdf Graphic file (type pdf)

<use figures/UBL-ISC_2-1.pdf>
Package pdftex.def Info: figures/UBL-ISC_2-1.pdf used on input line 807.
(pdftex.def)             Requested size: 345.0pt x 345.00414pt.
 [17 <./figures/UBL-IrisRO-1.pdf>] [18 <./figures/UBL-Iris_RO2-1.pdf>] [19 <./f
igures/UBL-ISC-1.pdf>] [20 <./figures/UBL-ISC_2-1.pdf>] [21]
Package color Info: Redefining color shadecolor on input line 871.
Package color Info: Redefining color shadecolor on input line 931.
 <figures/UBL-TL_difPar2-1.pdf, id=343, 505.89pt x 505.89pt>
File: figures/UBL-TL_difPar2-1.pdf Graphic file (type pdf)

<use figures/UBL-TL_difPar2-1.pdf>
Package pdftex.def Info: figures/UBL-TL_difPar2-1.pdf used on input line 933.
(pdftex.def)             Requested size: 345.0pt x 345.00414pt.
Package color Info: Redefining color shadecolor on input line 946.
 [22] [23 <./figures/UBL-TL_difPar2-1.pdf>]
Package color Info: Redefining color shadecolor on input line 968.
Package color Info: Redefining color shadecolor on input line 1005.

<figures/UBL-TL_difPar-1.pdf, id=359, 578.16pt x 505.89pt>
File: figures/UBL-TL_difPar-1.pdf Graphic file (type pdf)

<use figures/UBL-TL_difPar-1.pdf>
Package pdftex.def Info: figures/UBL-TL_difPar-1.pdf used on input line 1007.
(pdftex.def)             Requested size: 345.0pt x 301.86897pt.
 [24] [25 <./figures/UBL-TL_difPar-1.pdf>]
Package color Info: Redefining color shadecolor on input line 1032.

[26]
Package color Info: Redefining color shadecolor on input line 1082.
 <figures/UBL-ImbC_CNN_HEOM-1.pdf, id=389, 505.89pt x 505.89pt>
File: figures/UBL-ImbC_CNN_HEOM-1.pdf Graphic file (type pdf)

<use figures/UBL-ImbC_CNN_HEOM-1.pdf>
Package pdftex.def Info: figures/UBL-ImbC_CNN_HEOM-1.pdf used on input line 108
4.
(pdftex.def)             Requested size: 345.0pt x 345.00414pt.
Package color Info: Redefining color shadecolor on input line 1097.

<figures/UBL-ImbC_CNN_HVDM-1.pdf, id=390, 505.89pt x 505.89pt>
File: figures/UBL-ImbC_CNN_HVDM-1.pdf Graphic file (type pdf)

<use figures/UBL-ImbC_CNN_HVDM-1.pdf>
Package pdftex.def Info: figures/UBL-ImbC_CNN_HVDM-1.pdf used on input line 109
9.
(pdftex.def)             Requested size: 345.0pt x 345.00414pt.
Package color Info: Redefining color shadecolor on input line 1113.
 [27 <./figures/UBL-ImbC_CNN_HEOM-1.pdf>]
[28 <./figures/UBL-ImbC_CNN_HVDM-1.pdf>]
Package color Info: Redefining color shadecolor on input line 1184.

<figures/UBL-CNN_plot-1.pdf, id=412, 505.89pt x 505.89pt>
File: figures/UBL-CNN_plot-1.pdf Graphic file (type pdf)

<use figures/UBL-CNN_plot-1.pdf>
Package pdftex.def Info: figures/UBL-CNN_plot-1.pdf used on input line 1186.
(pdftex.def)             Requested size: 345.0pt x 345.00414pt.
 [29] [30 <./figures/UBL-CNN_plot-1.pdf>]
Package color Info: Redefining color shadecolor on input line 1210.
Package color Info: Redefining color shadecolor on input line 1244.

<figures/UBL-ImbC_oss-1.pdf, id=434, 505.89pt x 505.89pt>
File: figures/UBL-ImbC_oss-1.pdf Graphic file (type pdf)

<use figures/UBL-ImbC_oss-1.pdf>
Package pdftex.def Info: figures/UBL-ImbC_oss-1.pdf used on input line 1246.
(pdftex.def)             Requested size: 345.0pt x 345.00414pt.
Package color Info: Redefining color shadecolor on input line 1260.
 [31] [32 <./figures/UBL-ImbC_oss-1.pdf>]
Package color Info: Redefining color shadecolor on input line 1307.

<figures/UBL-OSS_plot-1.pdf, id=453, 578.16pt x 505.89pt>
File: figures/UBL-OSS_plot-1.pdf Graphic file (type pdf)

<use figures/UBL-OSS_plot-1.pdf>
Package pdftex.def Info: figures/UBL-OSS_plot-1.pdf used on input line 1309.
(pdftex.def)             Requested size: 345.0pt x 301.86897pt.
 [33 <./figures/UBL-OSS_plot-1.pdf>]
Package color Info: Redefining color shadecolor on input line 1336.
Package color Info: Redefining color shadecolor on input line 1380.

<figures/UBL-ImbC_ENN_plot-1.pdf, id=467, 505.89pt x 505.89pt>
File: figures/UBL-ImbC_ENN_plot-1.pdf Graphic file (type pdf)

<use figures/UBL-ImbC_ENN_plot-1.pdf>
Package pdftex.def Info: figures/UBL-ImbC_ENN_plot-1.pdf used on input line 138
2.
(pdftex.def)             Requested size: 345.0pt x 345.00414pt.
Package color Info: Redefining color shadecolor on input line 1396.
 [34] [35 <./figures/UBL-ImbC_ENN_plot-1.pdf>]
Package color Info: Redefining color shadecolor on input line 1432.
 <figures/UBL-ir_ENN_plot-1.pdf, id=486, 505.89pt x 505.89pt>
File: figures/UBL-ir_ENN_plot-1.pdf Graphic file (type pdf)

<use figures/UBL-ir_ENN_plot-1.pdf>
Package pdftex.def Info: figures/UBL-ir_ENN_plot-1.pdf used on input line 1434.

(pdftex.def)             Requested size: 345.00414pt x 299.00513pt.
 [36] [37 <./figures/UBL-ir_ENN_plot-1.pdf>]
Package color Info: Redefining color shadecolor on input line 1465.
Package color Info: Redefining color shadecolor on input line 1503.
<figures/UBL-ImbC_NCL_plot-1.pdf, id=507, 505.89pt x 505.89pt>
File: figures/UBL-ImbC_NCL_plot-1.pdf Graphic file (type pdf)

<use figures/UBL-ImbC_NCL_plot-1.pdf>
Package pdftex.def Info: figures/UBL-ImbC_NCL_plot-1.pdf used on input line 150
5.
(pdftex.def)             Requested size: 345.0pt x 345.00414pt.
 [38] [39 <./figures/UBL-ImbC_NCL_plot-1.pdf>]
Package color Info: Redefining color shadecolor on input line 1519.
Package color Info: Redefining color shadecolor on input line 1561.
 <figures/UBL-NCL_plot-1.pdf, id=525, 505.89pt x 505.89pt>
File: figures/UBL-NCL_plot-1.pdf Graphic file (type pdf)

<use figures/UBL-NCL_plot-1.pdf>
Package pdftex.def Info: figures/UBL-NCL_plot-1.pdf used on input line 1563.
(pdftex.def)             Requested size: 345.0pt x 345.00414pt.
 [40] [41 <./figures/UBL-NCL_plot-1.pdf>]
Package color Info: Redefining color shadecolor on input line 1588.

Overfull \hbox (3.505pt too wide) in paragraph at lines 1598--1598
[]                         []\OT1/cmtt/m/n/8 C.perc[] []=[] []list[][]([][]"nor
mal"[] []=[] []0.5[][],[] []"rare1"[] []=[] []10[][],[] []"rare2"[] []=[] []3[]
[]))[][] 
 []

Package color Info: Redefining color shadecolor on input line 1639.
<figures/UBL-ir_GN_plot-1.pdf, id=549, 505.89pt x 505.89pt>
File: figures/UBL-ir_GN_plot-1.pdf Graphic file (type pdf)

<use figures/UBL-ir_GN_plot-1.pdf>
Package pdftex.def Info: figures/UBL-ir_GN_plot-1.pdf used on input line 1641.
(pdftex.def)             Requested size: 345.00414pt x 299.00513pt.
Package color Info: Redefining color shadecolor on input line 1654.

<figures/UBL-ir_GN_plot2-1.pdf, id=550, 505.89pt x 505.89pt>
File: figures/UBL-ir_GN_plot2-1.pdf Graphic file (type pdf)

<use figures/UBL-ir_GN_plot2-1.pdf>
Package pdftex.def Info: figures/UBL-ir_GN_plot2-1.pdf used on input line 1656.

(pdftex.def)             Requested size: 345.0pt x 345.00414pt.
 [42] [43 <./figures/UBL-ir_GN_plot-1.pdf>]
[44 <./figures/UBL-ir_GN_plot2-1.pdf>]
Package color Info: Redefining color shadecolor on input line 1671.

<figures/UBL-smote_illust-1.pdf, id=580, 505.89pt x 505.89pt>
File: figures/UBL-smote_illust-1.pdf Graphic file (type pdf)

<use figures/UBL-smote_illust-1.pdf>
Package pdftex.def Info: figures/UBL-smote_illust-1.pdf used on input line 1673
.
(pdftex.def)             Requested size: 207.00711pt x 179.40308pt.
Package color Info: Redefining color shadecolor on input line 1694.
 [45 <./figures/UBL-smote_illust-1.pdf>]
Package color Info: Redefining color shadecolor on input line 1746.

<figures/UBL-smote_plot_hist-1.pdf, id=595, 505.89pt x 505.89pt>
File: figures/UBL-smote_plot_hist-1.pdf Graphic file (type pdf)

<use figures/UBL-smote_plot_hist-1.pdf>
Package pdftex.def Info: figures/UBL-smote_plot_hist-1.pdf used on input line 1
748.
(pdftex.def)             Requested size: 345.00414pt x 299.00513pt.
Package color Info: Redefining color shadecolor on input line 1760.

<figures/UBL-smote_plot-1.pdf, id=596, 505.89pt x 505.89pt>
File: figures/UBL-smote_plot-1.pdf Graphic file (type pdf)

<use figures/UBL-smote_plot-1.pdf>
Package pdftex.def Info: figures/UBL-smote_plot-1.pdf used on input line 1762.
(pdftex.def)             Requested size: 345.0pt x 345.00414pt.
 [46] [47 <./figures/UBL-smote_plot_hist-1.pdf>] [48 <./figures/UBL-smote_plot-
1.pdf>]
Package color Info: Redefining color shadecolor on input line 1785.

<figures/UBL-relev_ex-1.pdf, id=631, 361.35pt x 361.35pt>
File: figures/UBL-relev_ex-1.pdf Graphic file (type pdf)

<use figures/UBL-relev_ex-1.pdf>
Package pdftex.def Info: figures/UBL-relev_ex-1.pdf used on input line 1787.
(pdftex.def)             Requested size: 276.00105pt x 276.00177pt.
 [49 <./figures/UBL-relev_ex-1.pdf>]
Package color Info: Redefining color shadecolor on input line 1801.
Package color Info: Redefining color shadecolor on input line 1834.
Package color Info: Redefining color shadecolor on input line 1859.
 [50]
Package color Info: Redefining color shadecolor on input line 1872.
Package color Info: Redefining color shadecolor on input line 1887.

<figures/UBL-Rel1-1.pdf, id=655, 289.08pt x 289.08pt>
File: figures/UBL-Rel1-1.pdf Graphic file (type pdf)

<use figures/UBL-Rel1-1.pdf>
Package pdftex.def Info: figures/UBL-Rel1-1.pdf used on input line 1889.
(pdftex.def)             Requested size: 207.0021pt x 206.99939pt.
Package color Info: Redefining color shadecolor on input line 1901.

<figures/UBL-Rel2-1.pdf, id=656, 289.08pt x 289.08pt>
File: figures/UBL-Rel2-1.pdf Graphic file (type pdf)

<use figures/UBL-Rel2-1.pdf>
Package pdftex.def Info: figures/UBL-Rel2-1.pdf used on input line 1903.
(pdftex.def)             Requested size: 207.0021pt x 206.99939pt.
 [51 <./figures/UBL-Rel1-1.pdf>]
Package color Info: Redefining color shadecolor on input line 1933.
 [52 <./figures/UBL-Rel2-1.pdf>]
Package color Info: Redefining color shadecolor on input line 1957.
 <figures/UBL-ImbR_RU_ex1-1.pdf, id=687, 505.89pt x 505.89pt>
File: figures/UBL-ImbR_RU_ex1-1.pdf Graphic file (type pdf)

<use figures/UBL-ImbR_RU_ex1-1.pdf>
Package pdftex.def Info: figures/UBL-ImbR_RU_ex1-1.pdf used on input line 1959.

(pdftex.def)             Requested size: 276.00105pt x 276.00177pt.
Package color Info: Redefining color shadecolor on input line 1973.

<figures/UBL-ImbR_RU_dist-1.pdf, id=689, 578.16pt x 469.755pt>
File: figures/UBL-ImbR_RU_dist-1.pdf Graphic file (type pdf)

<use figures/UBL-ImbR_RU_dist-1.pdf>
Package pdftex.def Info: figures/UBL-ImbR_RU_dist-1.pdf used on input line 1975
.
(pdftex.def)             Requested size: 345.0pt x 280.30692pt.
Package color Info: Redefining color shadecolor on input line 1989.
 [53 <./figures/UBL-ImbR_RU_ex1-1.pdf>]
[54 <./figures/UBL-ImbR_RU_dist-1.pdf>]
Package color Info: Redefining color shadecolor on input line 2005.

<figures/UBL-I_u_RU1-1.pdf, id=718, 505.89pt x 505.89pt>
File: figures/UBL-I_u_RU1-1.pdf Graphic file (type pdf)

<use figures/UBL-I_u_RU1-1.pdf>
Package pdftex.def Info: figures/UBL-I_u_RU1-1.pdf used on input line 2007.
(pdftex.def)             Requested size: 276.00105pt x 276.00177pt.
Package color Info: Redefining color shadecolor on input line 2019.

<figures/UBL-I_u_RU2-1.pdf, id=719, 578.16pt x 469.755pt>
File: figures/UBL-I_u_RU2-1.pdf Graphic file (type pdf)

<use figures/UBL-I_u_RU2-1.pdf>
Package pdftex.def Info: figures/UBL-I_u_RU2-1.pdf used on input line 2021.
(pdftex.def)             Requested size: 345.0pt x 280.30692pt.
 [55 <./figures/UBL-I_u_RU1-1.pdf>] [56 <./figures/UBL-I_u_RU2-1.pdf>]
Package color Info: Redefining color shadecolor on input line 2058.
Package color Info: Redefining color shadecolor on input line 2076.
 <figures/UBL-RO_ex1-1.pdf, id=749, 505.89pt x 505.89pt>
File: figures/UBL-RO_ex1-1.pdf Graphic file (type pdf)

<use figures/UBL-RO_ex1-1.pdf>
Package pdftex.def Info: figures/UBL-RO_ex1-1.pdf used on input line 2078.
(pdftex.def)             Requested size: 345.0pt x 345.00414pt.
 [57] [58 <./figures/UBL-RO_ex1-1.pdf>]
Package color Info: Redefining color shadecolor on input line 2118.
 [59]
Package color Info: Redefining color shadecolor on input line 2135.

<figures/UBL-GN_plot1-1.pdf, id=781, 505.89pt x 505.89pt>
File: figures/UBL-GN_plot1-1.pdf Graphic file (type pdf)

<use figures/UBL-GN_plot1-1.pdf>
Package pdftex.def Info: figures/UBL-GN_plot1-1.pdf used on input line 2137.
(pdftex.def)             Requested size: 345.0pt x 345.00414pt.
Package color Info: Redefining color shadecolor on input line 2151.

<figures/UBL-GN_plot2-1.pdf, id=782, 578.16pt x 578.16pt>
File: figures/UBL-GN_plot2-1.pdf Graphic file (type pdf)

<use figures/UBL-GN_plot2-1.pdf>
Package pdftex.def Info: figures/UBL-GN_plot2-1.pdf used on input line 2153.
(pdftex.def)             Requested size: 276.00105pt x 275.99626pt.
Package color Info: Redefining color shadecolor on input line 2164.

<figures/UBL-GN_plot_new-1.pdf, id=783, 578.16pt x 469.755pt>
File: figures/UBL-GN_plot_new-1.pdf Graphic file (type pdf)

<use figures/UBL-GN_plot_new-1.pdf>
Package pdftex.def Info: figures/UBL-GN_plot_new-1.pdf used on input line 2166.

(pdftex.def)             Requested size: 345.0pt x 280.30692pt.
Package color Info: Redefining color shadecolor on input line 2179.
Package color Info: Redefining color shadecolor on input line 2197.

<figures/UBL-GN_plot3-1.pdf, id=786, 505.89pt x 505.89pt>
File: figures/UBL-GN_plot3-1.pdf Graphic file (type pdf)

<use figures/UBL-GN_plot3-1.pdf>
Package pdftex.def Info: figures/UBL-GN_plot3-1.pdf used on input line 2199.
(pdftex.def)             Requested size: 276.00105pt x 276.00177pt.
Package color Info: Redefining color shadecolor on input line 2210.

<figures/UBL-GN_plot3_dist-1.pdf, id=787, 578.16pt x 469.755pt>
File: figures/UBL-GN_plot3_dist-1.pdf Graphic file (type pdf)

<use figures/UBL-GN_plot3_dist-1.pdf>
Package pdftex.def Info: figures/UBL-GN_plot3_dist-1.pdf used on input line 221
2.
(pdftex.def)             Requested size: 345.0pt x 280.30692pt.
 [60 <./figures/UBL-GN_plot1-1.pdf>]
[61 <./figures/UBL-GN_plot2-1.pdf>] [62 <./figures/UBL-GN_plot_new-1.pdf>]
[63 <./figures/UBL-GN_plot3-1.pdf>] [64 <./figures/UBL-GN_plot3_dist-1.pdf>]
Package color Info: Redefining color shadecolor on input line 2233.

[65] <figures/UBL-smoteR_rel1-1.pdf, id=855, 578.16pt x 578.16pt>
File: figures/UBL-smoteR_rel1-1.pdf Graphic file (type pdf)

<use figures/UBL-smoteR_rel1-1.pdf>
Package pdftex.def Info: figures/UBL-smoteR_rel1-1.pdf used on input line 2256.

(pdftex.def)             Requested size: 276.00105pt x 275.99626pt.
Package color Info: Redefining color shadecolor on input line 2269.

Overfull \hbox (0.78613pt too wide) in paragraph at lines 2271--2271
[][]\OT1/cmtt/m/it/8 # we have two bumps: the first must be under-sampled and t
he second over-sampled. [][] 
 []


Overfull \hbox (7.75507pt too wide) in paragraph at lines 2280--2280
[][]\OT1/cmtt/m/n/8 mysm[] []<-[] []SmoteRegress[][](Tgt[][]~[][]., ImbR,[] []t
hr.rel[][]=thr.rel,[] []dist[][]=[][]"Manhattan"[][],[] []C.perc[][]=C.perc)[][
] 
 []


Overfull \hbox (16.25519pt too wide) in paragraph at lines 2283--2283
[][]\OT1/cmtt/m/n/8 smB[] []<-[] []SmoteRegress[][](Tgt[][]~[][]., ImbR,[] []th
r.rel[][]=thr.rel,[] []dist[][]=[][]"Manhattan"[][],[] []C.perc[][]=[][]"balanc
e"[][])[][] 
 []


Overfull \hbox (16.25519pt too wide) in paragraph at lines 2286--2286
[][]\OT1/cmtt/m/n/8 smE[] []<-[] []SmoteRegress[][](Tgt[][]~[][]., ImbR,[] []th
r.rel[][]=thr.rel,[] []dist[][]=[][]"Manhattan"[][],[] []C.perc[][]=[][]"extrem
e"[][])[][] 
 []

Package color Info: Redefining color shadecolor on input line 2294.
<figures/UBL-smoteR_plot1-1.pdf, id=858, 505.89pt x 505.89pt>
File: figures/UBL-smoteR_plot1-1.pdf Graphic file (type pdf)

<use figures/UBL-smoteR_plot1-1.pdf>
Package pdftex.def Info: figures/UBL-smoteR_plot1-1.pdf used on input line 2296
.
(pdftex.def)             Requested size: 345.0pt x 345.00414pt.
Package color Info: Redefining color shadecolor on input line 2309.

<figures/UBL-SMOTE_plot3_dist-1.pdf, id=860, 578.16pt x 469.755pt>
File: figures/UBL-SMOTE_plot3_dist-1.pdf Graphic file (type pdf)

<use figures/UBL-SMOTE_plot3_dist-1.pdf>
Package pdftex.def Info: figures/UBL-SMOTE_plot3_dist-1.pdf used on input line 
2311.
(pdftex.def)             Requested size: 345.0pt x 280.30692pt.
 [66 <./figures/UBL-smoteR_rel1-1.pdf>] [67 <./figures/UBL-smoteR_plot1-1.pdf>]
 [68 <./figures/UBL-SMOTE_plot3_dist-1.pdf>]
Package color Info: Redefining color shadecolor on input line 2347.
 <figures/UBL-smoteR_1bar-1.pdf, id=900, 505.89pt x 505.89pt>
File: figures/UBL-smoteR_1bar-1.pdf Graphic file (type pdf)

<use figures/UBL-smoteR_1bar-1.pdf>
Package pdftex.def Info: figures/UBL-smoteR_1bar-1.pdf used on input line 2349.

(pdftex.def)             Requested size: 345.00414pt x 299.00513pt.
 [69 <./figures/UBL-smoteR_1bar-1.pdf>]
Package color Info: Redefining color shadecolor on input line 2374.

Overfull \hbox (8.4451pt too wide) in paragraph at lines 2386--2387
\OT1/cmr/m/n/10 19 as the thresh-old be-tween the rare/important cases and the 
nor-mal/unimportant
 []

Package color Info: Redefining color shadecolor on input line 2389.
<figures/UBL-IS_plot1-1.pdf, id=915, 505.89pt x 505.89pt>
File: figures/UBL-IS_plot1-1.pdf Graphic file (type pdf)

<use figures/UBL-IS_plot1-1.pdf>
Package pdftex.def Info: figures/UBL-IS_plot1-1.pdf used on input line 2391.
(pdftex.def)             Requested size: 345.0pt x 345.00414pt.
Package color Info: Redefining color shadecolor on input line 2402.

<figures/UBL-IS_new_plot3-1.pdf, id=916, 578.16pt x 469.755pt>
File: figures/UBL-IS_new_plot3-1.pdf Graphic file (type pdf)

<use figures/UBL-IS_new_plot3-1.pdf>
Package pdftex.def Info: figures/UBL-IS_new_plot3-1.pdf used on input line 2404
.
(pdftex.def)             Requested size: 345.0pt x 280.30692pt.
Package color Info: Redefining color shadecolor on input line 2416.

<figures/UBL-IS_plot2-1.pdf, id=917, 505.89pt x 505.89pt>
File: figures/UBL-IS_plot2-1.pdf Graphic file (type pdf)

<use figures/UBL-IS_plot2-1.pdf>
Package pdftex.def Info: figures/UBL-IS_plot2-1.pdf used on input line 2418.
(pdftex.def)             Requested size: 276.00105pt x 276.00177pt.
Package color Info: Redefining color shadecolor on input line 2431.
 [70] [71 <./figures/UBL-IS_plot1-1.pdf>]
[72 <./figures/UBL-IS_new_plot3-1.pdf>] [73 <./figures/UBL-IS_plot2-1.pdf>]
Package color Info: Redefining color shadecolor on input line 2445.

<figures/UBL-IS_plot3-1.pdf, id=961, 505.89pt x 505.89pt>
File: figures/UBL-IS_plot3-1.pdf Graphic file (type pdf)

<use figures/UBL-IS_plot3-1.pdf>
Package pdftex.def Info: figures/UBL-IS_plot3-1.pdf used on input line 2447.
(pdftex.def)             Requested size: 345.0pt x 345.00414pt.
Package color Info: Redefining color shadecolor on input line 2460.

<figures/UBL-IS_plot4-1.pdf, id=962, 505.89pt x 505.89pt>
File: figures/UBL-IS_plot4-1.pdf Graphic file (type pdf)

<use figures/UBL-IS_plot4-1.pdf>
Package pdftex.def Info: figures/UBL-IS_plot4-1.pdf used on input line 2462.
(pdftex.def)             Requested size: 276.00105pt x 276.00177pt.
Package color Info: Redefining color shadecolor on input line 2474.

<figures/UBL-IS_new_plot4-1.pdf, id=963, 578.16pt x 469.755pt>
File: figures/UBL-IS_new_plot4-1.pdf Graphic file (type pdf)

<use figures/UBL-IS_new_plot4-1.pdf>
Package pdftex.def Info: figures/UBL-IS_new_plot4-1.pdf used on input line 2476
.
(pdftex.def)             Requested size: 345.0pt x 280.30692pt.
 [74 <./figures/UBL-IS_plot3-1.pdf>]
[75 <./figures/UBL-IS_plot4-1.pdf>] [76 <./figures/UBL-IS_new_plot4-1.pdf>]
[77]
Package color Info: Redefining color shadecolor on input line 2525.
Package color Info: Redefining color shadecolor on input line 2555.
 <figures/UBL-dist_num-1.pdf, id=1019, 578.16pt x 505.89pt>
File: figures/UBL-dist_num-1.pdf Graphic file (type pdf)

<use figures/UBL-dist_num-1.pdf>
Package pdftex.def Info: figures/UBL-dist_num-1.pdf used on input line 2557.
(pdftex.def)             Requested size: 345.0pt x 301.86897pt.
Package color Info: Redefining color shadecolor on input line 2581.

Overfull \hbox (3.505pt too wide) in paragraph at lines 2599--2599
[][]\OT1/cmtt/m/n/8 ndat1[] []<-[] []ENNClassif[][](speed[][]~[][]., clean.alga
e,[] []dist[][]=[][]"Overlap"[][],[]  []Cl[][]=[][]c[][]([][]"high"[][],[] []"m
edium"[][]))[][] 
 []

[78] [79 <./figures/UBL-dist_num-1.pdf>]
Package color Info: Redefining color shadecolor on input line 2614.

<figures/UBL-dist_overlap-1.pdf, id=1039, 505.89pt x 505.89pt>
File: figures/UBL-dist_overlap-1.pdf Graphic file (type pdf)

<use figures/UBL-dist_overlap-1.pdf>
Package pdftex.def Info: figures/UBL-dist_overlap-1.pdf used on input line 2616
.
(pdftex.def)             Requested size: 345.0pt x 345.00414pt.
 [80 <./figures/UBL-dist_overlap-1.pdf>]
Package color Info: Redefining color shadecolor on input line 2644.
Package color Info: Redefining color shadecolor on input line 2675.

<figures/UBL-dist_heom-1.pdf, id=1055, 505.89pt x 505.89pt>
File: figures/UBL-dist_heom-1.pdf Graphic file (type pdf)

<use figures/UBL-dist_heom-1.pdf>
Package pdftex.def Info: figures/UBL-dist_heom-1.pdf used on input line 2677.
(pdftex.def)             Requested size: 345.0pt x 345.00414pt.

Overfull \hbox (3.69495pt too wide) in paragraph at lines 2688--2689
[]\OT1/cmr/m/n/10 Other pro-pos-als, such as the Het-ero-ge-neous Value Dif-fer
-ence Met-ric (HVDM),
 []


Underfull \hbox (badness 10000) in paragraph at lines 2692--2699

 []

[81] [82 <./figures/UBL-dist_heom-1.pdf>]
Package color Info: Redefining color shadecolor on input line 2734.

Overfull \hbox (24.75531pt too wide) in paragraph at lines 2752--2752
[]\OT1/cmtt/m/n/8 ##  autumn:36   large :42   high  :76   Min.   :7.000   Min. 
  : 1.500   Min.   :  0.80[] 
 []


Overfull \hbox (24.75531pt too wide) in paragraph at lines 2752--2752
[]\OT1/cmtt/m/n/8 ##  spring:48   medium:83   low   :31   1st Qu.:7.777   1st Q
u.: 7.675   1st Qu.: 11.85[] 
 []


Overfull \hbox (24.75531pt too wide) in paragraph at lines 2752--2752
[]\OT1/cmtt/m/n/8 ##  summer:43   small :59   medium:77   Median :8.100   Media
n : 9.750   Median : 35.08[] 
 []


Overfull \hbox (24.75531pt too wide) in paragraph at lines 2752--2752
[]\OT1/cmtt/m/n/8 ##  winter:57                           Mean   :8.078   Mean 
  : 9.019   Mean   : 44.88[] 
 []


Overfull \hbox (24.75531pt too wide) in paragraph at lines 2752--2752
[]\OT1/cmtt/m/n/8 ##                                      3rd Qu.:8.400   3rd Q
u.:10.700   3rd Qu.: 58.52[] 
 []


Overfull \hbox (24.75531pt too wide) in paragraph at lines 2752--2752
[]\OT1/cmtt/m/n/8 ##                                      Max.   :9.500   Max. 
  :13.400   Max.   :391.50[] 
 []

Package color Info: Redefining color shadecolor on input line 2765.
<figures/UBL-dist_HVDM-1.pdf, id=1086, 578.16pt x 505.89pt>
File: figures/UBL-dist_HVDM-1.pdf Graphic file (type pdf)

<use figures/UBL-dist_HVDM-1.pdf>
Package pdftex.def Info: figures/UBL-dist_HVDM-1.pdf used on input line 2767.
(pdftex.def)             Requested size: 345.0pt x 301.86897pt.
Package color Info: Redefining color shadecolor on input line 2781.

<figures/UBL-dist_HVDM2-1.pdf, id=1088, 505.89pt x 505.89pt>
File: figures/UBL-dist_HVDM2-1.pdf Graphic file (type pdf)

<use figures/UBL-dist_HVDM2-1.pdf>
Package pdftex.def Info: figures/UBL-dist_HVDM2-1.pdf used on input line 2783.
(pdftex.def)             Requested size: 345.0pt x 345.00414pt.
 [83] [84 <./figures/UBL-dist_HVDM-1.pdf>]
[85 <./figures/UBL-dist_HVDM2-1.pdf>] [86] (./UBL.bbl [87])
Package atveryend Info: Empty hook `BeforeClearDocument' on input line 2808.
 [88]
Package atveryend Info: Empty hook `AfterLastShipout' on input line 2808.
 (./UBL.aux)
Package atveryend Info: Executing hook `AtVeryEndDocument' on input line 2808.
Package atveryend Info: Executing hook `AtEndAfterFileList' on input line 2808.

Package rerunfilecheck Info: File `UBL.out' has not changed.
(rerunfilecheck)             Checksum: 79F27D2E53C3B9968E7276D5946A96D3;5212.
Package atveryend Info: Empty hook `AtVeryVeryEnd' on input line 2808.
 ) 
Here is how much of TeX's memory you used:
 12459 strings out of 494985
 182177 string characters out of 6180357
 265431 words of memory out of 5000000
 15257 multiletter control sequences out of 15000+600000
 13915 words of font info for 55 fonts, out of 8000000 for 9000
 36 hyphenation exceptions out of 8191
 42i,11n,75p,1442b,455s stack positions out of 5000i,500n,10000p,200000b,80000s
</usr/share/texlive/texmf-dist/fonts/type1/public/amsfonts/cm/cmbx10.pfb></us
r/share/texlive/texmf-dist/fonts/type1/public/amsfonts/cm/cmbx12.pfb></usr/shar
e/texlive/texmf-dist/fonts/type1/public/amsfonts/cm/cmbx9.pfb></usr/share/texli
ve/texmf-dist/fonts/type1/public/amsfonts/cm/cmex10.pfb></usr/share/texlive/tex
mf-dist/fonts/type1/public/amsfonts/cm/cmitt10.pfb></usr/share/texlive/texmf-di
st/fonts/type1/public/amsfonts/cm/cmmi10.pfb></usr/share/texlive/texmf-dist/fon
ts/type1/public/amsfonts/cm/cmmi5.pfb></usr/share/texlive/texmf-dist/fonts/type
1/public/amsfonts/cm/cmmi7.pfb></usr/share/texlive/texmf-dist/fonts/type1/publi
c/amsfonts/cm/cmr10.pfb></usr/share/texlive/texmf-dist/fonts/type1/public/amsfo
nts/cm/cmr12.pfb></usr/share/texlive/texmf-dist/fonts/type1/public/amsfonts/cm/
cmr17.pfb></usr/share/texlive/texmf-dist/fonts/type1/public/amsfonts/cm/cmr5.pf
b></usr/share/texlive/texmf-dist/fonts/type1/public/amsfonts/cm/cmr6.pfb></usr/
share/texlive/texmf-dist/fonts/type1/public/amsfonts/cm/cmr7.pfb></usr/share/te
xlive/texmf-dist/fonts/type1/public/amsfonts/cm/cmr8.pfb></usr/share/texlive/te
xmf-dist/fonts/type1/public/amsfonts/cm/cmr9.pfb></usr/share/texlive/texmf-dist
/fonts/type1/public/amsfonts/cm/cmsy10.pfb></usr/share/texlive/texmf-dist/fonts
/type1/public/amsfonts/cm/cmsy7.pfb></usr/share/texlive/texmf-dist/fonts/type1/
public/amsfonts/cm/cmti10.pfb></usr/share/texlive/texmf-dist/fonts/type1/public
/amsfonts/cm/cmtt10.pfb></usr/share/texlive/texmf-dist/fonts/type1/public/amsfo
nts/cm/cmtt12.pfb></usr/share/texlive/texmf-dist/fonts/type1/public/amsfonts/cm
/cmtt8.pfb></usr/share/texlive/texmf-dist/fonts/type1/public/amsfonts/cm/cmtt9.
pfb></usr/share/texlive/texmf-dist/fonts/type1/public/amsfonts/symbols/msbm10.p
fb>
Output written on UBL.pdf (88 pages, 7979924 bytes).
PDF statistics:
 1258 PDF objects out of 1440 (max. 8388607)
 993 compressed objects within 10 object streams
 217 named destinations out of 1000 (max. 500000)
 465 words of extra memory for PDF output out of 10000 (max. 10000000)

