This is pdfTeX, Version 3.1415926-2.5-1.40.14 (TeX Live 2013/Debian) (format=pdflatex 2014.11.12)  16 JUN 2015 11:14
entering extended mode
 restricted \write18 enabled.
 %&-line parsing enabled.
**UBL.tex
(./UBL.tex
LaTeX2e <2011/06/27>
Babel <3.9h> and hyphenation patterns for 4 languages loaded.
(/usr/share/texlive/texmf-dist/tex/latex/base/article.cls
Document Class: article 2007/10/19 v1.4h Standard LaTeX document class
(/usr/share/texlive/texmf-dist/tex/latex/base/size10.clo
File: size10.clo 2007/10/19 v1.4h Standard LaTeX file (size option)
)
\c@part=\count79
\c@section=\count80
\c@subsection=\count81
\c@subsubsection=\count82
\c@paragraph=\count83
\c@subparagraph=\count84
\c@figure=\count85
\c@table=\count86
\abovecaptionskip=\skip41
\belowcaptionskip=\skip42
\bibindent=\dimen102
)
(/usr/share/texlive/texmf-dist/tex/latex/graphics/graphicx.sty
Package: graphicx 1999/02/16 v1.0f Enhanced LaTeX Graphics (DPC,SPQR)

(/usr/share/texlive/texmf-dist/tex/latex/graphics/keyval.sty
Package: keyval 1999/03/16 v1.13 key=value parser (DPC)
\KV@toks@=\toks14
)
(/usr/share/texlive/texmf-dist/tex/latex/graphics/graphics.sty
Package: graphics 2009/02/05 v1.0o Standard LaTeX Graphics (DPC,SPQR)

(/usr/share/texlive/texmf-dist/tex/latex/graphics/trig.sty
Package: trig 1999/03/16 v1.09 sin cos tan (DPC)
)
(/usr/share/texlive/texmf-dist/tex/latex/latexconfig/graphics.cfg
File: graphics.cfg 2010/04/23 v1.9 graphics configuration of TeX Live
)
Package graphics Info: Driver file: pdftex.def on input line 91.

(/usr/share/texlive/texmf-dist/tex/latex/pdftex-def/pdftex.def
File: pdftex.def 2011/05/27 v0.06d Graphics/color for pdfTeX

(/usr/share/texlive/texmf-dist/tex/generic/oberdiek/infwarerr.sty
Package: infwarerr 2010/04/08 v1.3 Providing info/warning/error messages (HO)
)
(/usr/share/texlive/texmf-dist/tex/generic/oberdiek/ltxcmds.sty
Package: ltxcmds 2011/11/09 v1.22 LaTeX kernel commands for general use (HO)
)
\Gread@gobject=\count87
))
\Gin@req@height=\dimen103
\Gin@req@width=\dimen104
)
(/usr/share/texlive/texmf-dist/tex/latex/graphics/color.sty
Package: color 2005/11/14 v1.0j Standard LaTeX Color (DPC)

(/usr/share/texlive/texmf-dist/tex/latex/latexconfig/color.cfg
File: color.cfg 2007/01/18 v1.5 color configuration of teTeX/TeXLive
)
Package color Info: Driver file: pdftex.def on input line 130.
)
(/usr/share/texlive/texmf-dist/tex/latex/framed/framed.sty
Package: framed 2011/10/22 v 0.96: framed or shaded text with page breaks
\OuterFrameSep=\skip43
\fb@frw=\dimen105
\fb@frh=\dimen106
\FrameRule=\dimen107
\FrameSep=\dimen108
)
(/usr/share/texlive/texmf-dist/tex/latex/base/alltt.sty
Package: alltt 1997/06/16 v2.0g defines alltt environment
)
(/usr/share/texlive/texmf-dist/tex/latex/base/inputenc.sty
Package: inputenc 2008/03/30 v1.1d Input encoding file
\inpenc@prehook=\toks15
\inpenc@posthook=\toks16

(/usr/share/texlive/texmf-dist/tex/latex/ucs/utf8x.def
File: utf8x.def 2004/10/17 UCS: Input encoding UTF-8
))
(/usr/share/texlive/texmf-dist/tex/latex/ucs/ucs.sty
Package: ucs 2013/05/11 v2.2 UCS: Unicode input support

(/usr/share/texlive/texmf-dist/tex/latex/ucs/data/uni-global.def
File: uni-global.def 2013/05/13 UCS: Unicode global data
)
\uc@secondtry=\count88
\uc@combtoks=\toks17
\uc@combtoksb=\toks18
\uc@temptokena=\toks19
)
(/usr/share/texlive/texmf-dist/tex/latex/amsmath/amsmath.sty
Package: amsmath 2013/01/14 v2.14 AMS math features
\@mathmargin=\skip44

For additional information on amsmath, use the `?' option.
(/usr/share/texlive/texmf-dist/tex/latex/amsmath/amstext.sty
Package: amstext 2000/06/29 v2.01

(/usr/share/texlive/texmf-dist/tex/latex/amsmath/amsgen.sty
File: amsgen.sty 1999/11/30 v2.0
\@emptytoks=\toks20
\ex@=\dimen109
))
(/usr/share/texlive/texmf-dist/tex/latex/amsmath/amsbsy.sty
Package: amsbsy 1999/11/29 v1.2d
\pmbraise@=\dimen110
)
(/usr/share/texlive/texmf-dist/tex/latex/amsmath/amsopn.sty
Package: amsopn 1999/12/14 v2.01 operator names
)
\inf@bad=\count89
LaTeX Info: Redefining \frac on input line 210.
\uproot@=\count90
\leftroot@=\count91
LaTeX Info: Redefining \overline on input line 306.
\classnum@=\count92
\DOTSCASE@=\count93
LaTeX Info: Redefining \ldots on input line 378.
LaTeX Info: Redefining \dots on input line 381.
LaTeX Info: Redefining \cdots on input line 466.
\Mathstrutbox@=\box26
\strutbox@=\box27
\big@size=\dimen111
LaTeX Font Info:    Redeclaring font encoding OML on input line 566.
LaTeX Font Info:    Redeclaring font encoding OMS on input line 567.
\macc@depth=\count94
\c@MaxMatrixCols=\count95
\dotsspace@=\muskip10
\c@parentequation=\count96
\dspbrk@lvl=\count97
\tag@help=\toks21
\row@=\count98
\column@=\count99
\maxfields@=\count100
\andhelp@=\toks22
\eqnshift@=\dimen112
\alignsep@=\dimen113
\tagshift@=\dimen114
\tagwidth@=\dimen115
\totwidth@=\dimen116
\lineht@=\dimen117
\@envbody=\toks23
\multlinegap=\skip45
\multlinetaggap=\skip46
\mathdisplay@stack=\toks24
LaTeX Info: Redefining \[ on input line 2665.
LaTeX Info: Redefining \] on input line 2666.
)
(/usr/share/texlive/texmf-dist/tex/latex/amsfonts/amsfonts.sty
Package: amsfonts 2013/01/14 v3.01 Basic AMSFonts support
\symAMSa=\mathgroup4
\symAMSb=\mathgroup5
LaTeX Font Info:    Overwriting math alphabet `\mathfrak' in version `bold'
(Font)                  U/euf/m/n --> U/euf/b/n on input line 106.
)
(/usr/share/texlive/texmf-dist/tex/latex/amsfonts/amssymb.sty
Package: amssymb 2013/01/14 v3.01 AMS font symbols
)
(/usr/share/texlive/texmf-dist/tex/latex/caption/subcaption.sty
Package: subcaption 2013/02/03 v1.1-62 Sub-captions (AR)

(/usr/share/texlive/texmf-dist/tex/latex/caption/caption.sty
Package: caption 2013/05/02 v3.3-89 Customizing captions (AR)

(/usr/share/texlive/texmf-dist/tex/latex/caption/caption3.sty
Package: caption3 2013/05/02 v1.6-88 caption3 kernel (AR)
Package caption3 Info: TeX engine: e-TeX on input line 57.
\captionmargin=\dimen118
\captionmargin@=\dimen119
\captionwidth=\dimen120
\caption@tempdima=\dimen121
\caption@indent=\dimen122
\caption@parindent=\dimen123
\caption@hangindent=\dimen124
)
\c@ContinuedFloat=\count101
)
\c@subfigure=\count102
\c@subtable=\count103
)
(/usr/share/texlive/texmf-dist/tex/latex/natbib/natbib.sty
Package: natbib 2010/09/13 8.31b (PWD, AO)
\bibhang=\skip47
\bibsep=\skip48
LaTeX Info: Redefining \cite on input line 694.
\c@NAT@ctr=\count104
)
(/usr/share/texlive/texmf-dist/tex/latex/url/url.sty
\Urlmuskip=\muskip11
Package: url 2013/09/16  ver 3.4  Verb mode for urls, etc.
)
(/usr/share/texlive/texmf-dist/tex/latex/fancyvrb/fancyvrb.sty
Package: fancyvrb 2008/02/07

Style option: `fancyvrb' v2.7a, with DG/SPQR fixes, and firstline=lastline fix 
<2008/02/07> (tvz)
\FV@CodeLineNo=\count105
\FV@InFile=\read1
\FV@TabBox=\box28
\c@FancyVerbLine=\count106
\FV@StepNumber=\count107
\FV@OutFile=\write3
)
(/usr/share/texlive/texmf-dist/tex/latex/hyperref/hyperref.sty
Package: hyperref 2012/11/06 v6.83m Hypertext links for LaTeX

(/usr/share/texlive/texmf-dist/tex/generic/oberdiek/hobsub-hyperref.sty
Package: hobsub-hyperref 2012/05/28 v1.13 Bundle oberdiek, subset hyperref (HO)


(/usr/share/texlive/texmf-dist/tex/generic/oberdiek/hobsub-generic.sty
Package: hobsub-generic 2012/05/28 v1.13 Bundle oberdiek, subset generic (HO)
Package: hobsub 2012/05/28 v1.13 Construct package bundles (HO)
Package hobsub Info: Skipping package `infwarerr' (already loaded).
Package hobsub Info: Skipping package `ltxcmds' (already loaded).
Package: ifluatex 2010/03/01 v1.3 Provides the ifluatex switch (HO)
Package ifluatex Info: LuaTeX not detected.
Package: ifvtex 2010/03/01 v1.5 Detect VTeX and its facilities (HO)
Package ifvtex Info: VTeX not detected.
Package: intcalc 2007/09/27 v1.1 Expandable calculations with integers (HO)
Package: ifpdf 2011/01/30 v2.3 Provides the ifpdf switch (HO)
Package ifpdf Info: pdfTeX in PDF mode is detected.
Package: etexcmds 2011/02/16 v1.5 Avoid name clashes with e-TeX commands (HO)
Package etexcmds Info: Could not find \expanded.
(etexcmds)             That can mean that you are not using pdfTeX 1.50 or
(etexcmds)             that some package has redefined \expanded.
(etexcmds)             In the latter case, load this package earlier.
Package: kvsetkeys 2012/04/25 v1.16 Key value parser (HO)
Package: kvdefinekeys 2011/04/07 v1.3 Define keys (HO)
Package: pdftexcmds 2011/11/29 v0.20 Utility functions of pdfTeX for LuaTeX (HO
)
Package pdftexcmds Info: LuaTeX not detected.
Package pdftexcmds Info: \pdf@primitive is available.
Package pdftexcmds Info: \pdf@ifprimitive is available.
Package pdftexcmds Info: \pdfdraftmode found.
Package: pdfescape 2011/11/25 v1.13 Implements pdfTeX's escape features (HO)
Package: bigintcalc 2012/04/08 v1.3 Expandable calculations on big integers (HO
)
Package: bitset 2011/01/30 v1.1 Handle bit-vector datatype (HO)
Package: uniquecounter 2011/01/30 v1.2 Provide unlimited unique counter (HO)
)
Package hobsub Info: Skipping package `hobsub' (already loaded).
Package: letltxmacro 2010/09/02 v1.4 Let assignment for LaTeX macros (HO)
Package: hopatch 2012/05/28 v1.2 Wrapper for package hooks (HO)
Package: xcolor-patch 2011/01/30 xcolor patch
Package: atveryend 2011/06/30 v1.8 Hooks at the very end of document (HO)
Package atveryend Info: \enddocument detected (standard20110627).
Package: atbegshi 2011/10/05 v1.16 At begin shipout hook (HO)
Package: refcount 2011/10/16 v3.4 Data extraction from label references (HO)
Package: hycolor 2011/01/30 v1.7 Color options for hyperref/bookmark (HO)
)
(/usr/share/texlive/texmf-dist/tex/generic/ifxetex/ifxetex.sty
Package: ifxetex 2010/09/12 v0.6 Provides ifxetex conditional
)
(/usr/share/texlive/texmf-dist/tex/latex/oberdiek/auxhook.sty
Package: auxhook 2011/03/04 v1.3 Hooks for auxiliary files (HO)
)
(/usr/share/texlive/texmf-dist/tex/latex/oberdiek/kvoptions.sty
Package: kvoptions 2011/06/30 v3.11 Key value format for package options (HO)
)
\@linkdim=\dimen125
\Hy@linkcounter=\count108
\Hy@pagecounter=\count109

(/usr/share/texlive/texmf-dist/tex/latex/hyperref/pd1enc.def
File: pd1enc.def 2012/11/06 v6.83m Hyperref: PDFDocEncoding definition (HO)
)
\Hy@SavedSpaceFactor=\count110

(/usr/share/texlive/texmf-dist/tex/latex/latexconfig/hyperref.cfg
File: hyperref.cfg 2002/06/06 v1.2 hyperref configuration of TeXLive
)
Package hyperref Info: Option `unicode' set `true' on input line 4319.

(/usr/share/texlive/texmf-dist/tex/latex/hyperref/puenc.def
File: puenc.def 2012/11/06 v6.83m Hyperref: PDF Unicode definition (HO)
)
Package hyperref Info: Option `pdfusetitle' set `true' on input line 4319.
Package hyperref Info: Option `bookmarks' set `true' on input line 4319.
Package hyperref Info: Option `bookmarksnumbered' set `true' on input line 4319
.
Package hyperref Info: Option `bookmarksopen' set `true' on input line 4319.
Package hyperref Info: Option `breaklinks' set `false' on input line 4319.
Package hyperref Info: Option `colorlinks' set `false' on input line 4319.
Package hyperref Info: Hyper figures OFF on input line 4443.
Package hyperref Info: Link nesting OFF on input line 4448.
Package hyperref Info: Hyper index ON on input line 4451.
Package hyperref Info: Plain pages OFF on input line 4458.
Package hyperref Info: Backreferencing OFF on input line 4463.
Package hyperref Info: Implicit mode ON; LaTeX internals redefined.
Package hyperref Info: Bookmarks ON on input line 4688.
\c@Hy@tempcnt=\count111
LaTeX Info: Redefining \url on input line 5041.
\XeTeXLinkMargin=\dimen126
\Fld@menulength=\count112
\Field@Width=\dimen127
\Fld@charsize=\dimen128
Package hyperref Info: Hyper figures OFF on input line 6295.
Package hyperref Info: Link nesting OFF on input line 6300.
Package hyperref Info: Hyper index ON on input line 6303.
Package hyperref Info: backreferencing OFF on input line 6310.
Package hyperref Info: Link coloring OFF on input line 6315.
Package hyperref Info: Link coloring with OCG OFF on input line 6320.
Package hyperref Info: PDF/A mode OFF on input line 6325.
LaTeX Info: Redefining \ref on input line 6365.
LaTeX Info: Redefining \pageref on input line 6369.
\Hy@abspage=\count113
\c@Item=\count114
\c@Hfootnote=\count115
)

Package hyperref Message: Driver (autodetected): hpdftex.

(/usr/share/texlive/texmf-dist/tex/latex/hyperref/hpdftex.def
File: hpdftex.def 2012/11/06 v6.83m Hyperref driver for pdfTeX
\Fld@listcount=\count116
\c@bookmark@seq@number=\count117

(/usr/share/texlive/texmf-dist/tex/latex/oberdiek/rerunfilecheck.sty
Package: rerunfilecheck 2011/04/15 v1.7 Rerun checks for auxiliary files (HO)
Package uniquecounter Info: New unique counter `rerunfilecheck' on input line 2
82.
)
\Hy@SectionHShift=\skip49
)
(/usr/share/texlive/texmf-dist/tex/latex/breakurl/breakurl.sty
Package: breakurl 2013/04/10 v1.40 Breakable hyperref URLs

(/usr/share/texlive/texmf-dist/tex/latex/xkeyval/xkeyval.sty
Package: xkeyval 2012/10/14 v2.6b package option processing (HA)

(/usr/share/texlive/texmf-dist/tex/generic/xkeyval/xkeyval.tex
\XKV@toks=\toks25
\XKV@tempa@toks=\toks26
\XKV@depth=\count118
File: xkeyval.tex 2012/10/14 v2.6b key=value parser (HA)
))

Package breakurl Warning: You are using breakurl while processing via pdflatex.

(breakurl)                \burl will be just a synonym of \url.
(breakurl)                 on input line 48.

) (/usr/share/texlive/texmf-dist/tex/latex/upquote/upquote.sty
Package: upquote 2012/04/19 v1.3 upright-quote and grave-accent glyphs in verba
tim
) (./UBL.aux)
\openout1 = `UBL.aux'.

LaTeX Font Info:    Checking defaults for OML/cmm/m/it on input line 76.
LaTeX Font Info:    ... okay on input line 76.
LaTeX Font Info:    Checking defaults for T1/cmr/m/n on input line 76.
LaTeX Font Info:    ... okay on input line 76.
LaTeX Font Info:    Checking defaults for OT1/cmr/m/n on input line 76.
LaTeX Font Info:    ... okay on input line 76.
LaTeX Font Info:    Checking defaults for OMS/cmsy/m/n on input line 76.
LaTeX Font Info:    ... okay on input line 76.
LaTeX Font Info:    Checking defaults for OMX/cmex/m/n on input line 76.
LaTeX Font Info:    ... okay on input line 76.
LaTeX Font Info:    Checking defaults for U/cmr/m/n on input line 76.
LaTeX Font Info:    ... okay on input line 76.
LaTeX Font Info:    Checking defaults for PD1/pdf/m/n on input line 76.
LaTeX Font Info:    ... okay on input line 76.
LaTeX Font Info:    Checking defaults for PU/pdf/m/n on input line 76.
LaTeX Font Info:    ... okay on input line 76.

(/usr/share/texlive/texmf-dist/tex/context/base/supp-pdf.mkii
[Loading MPS to PDF converter (version 2006.09.02).]
\scratchcounter=\count119
\scratchdimen=\dimen129
\scratchbox=\box29
\nofMPsegments=\count120
\nofMParguments=\count121
\everyMPshowfont=\toks27
\MPscratchCnt=\count122
\MPscratchDim=\dimen130
\MPnumerator=\count123
\makeMPintoPDFobject=\count124
\everyMPtoPDFconversion=\toks28
) (/usr/share/texlive/texmf-dist/tex/latex/oberdiek/epstopdf-base.sty
Package: epstopdf-base 2010/02/09 v2.5 Base part for package epstopdf

(/usr/share/texlive/texmf-dist/tex/latex/oberdiek/grfext.sty
Package: grfext 2010/08/19 v1.1 Manage graphics extensions (HO)
)
Package grfext Info: Graphics extension search list:
(grfext)             [.png,.pdf,.jpg,.mps,.jpeg,.jbig2,.jb2,.PNG,.PDF,.JPG,.JPE
G,.JBIG2,.JB2,.eps]
(grfext)             \AppendGraphicsExtensions on input line 452.

(/usr/share/texlive/texmf-dist/tex/latex/latexconfig/epstopdf-sys.cfg
File: epstopdf-sys.cfg 2010/07/13 v1.3 Configuration of (r)epstopdf for TeX Liv
e
))
(/usr/share/texlive/texmf-dist/tex/latex/ucs/ucsencs.def
File: ucsencs.def 2011/01/21 Fixes to fontencodings LGR, T3
)
Package caption Info: Begin \AtBeginDocument code.
Package caption Info: hyperref package is loaded.
Package caption Info: End \AtBeginDocument code.
\AtBeginShipoutBox=\box30
Package hyperref Info: Link coloring OFF on input line 76.

(/usr/share/texlive/texmf-dist/tex/latex/hyperref/nameref.sty
Package: nameref 2012/10/27 v2.43 Cross-referencing by name of section

(/usr/share/texlive/texmf-dist/tex/generic/oberdiek/gettitlestring.sty
Package: gettitlestring 2010/12/03 v1.4 Cleanup title references (HO)
)
\c@section@level=\count125
)
LaTeX Info: Redefining \ref on input line 76.
LaTeX Info: Redefining \pageref on input line 76.
LaTeX Info: Redefining \nameref on input line 76.

(./UBL.out) (./UBL.out)
\@outlinefile=\write4
\openout4 = `UBL.out'.

LaTeX Font Info:    Try loading font information for U+msa on input line 82.

(/usr/share/texlive/texmf-dist/tex/latex/amsfonts/umsa.fd
File: umsa.fd 2013/01/14 v3.01 AMS symbols A
)
LaTeX Font Info:    Try loading font information for U+msb on input line 82.

(/usr/share/texlive/texmf-dist/tex/latex/amsfonts/umsb.fd
File: umsb.fd 2013/01/14 v3.01 AMS symbols B
)
Overfull \hbox (51.86115pt too wide) in paragraph at lines 82--82
 [][] 
 []

[1

{/var/lib/texmf/fonts/map/pdftex/updmap/pdftex.map}]
Package color Info: Redefining color shadecolor on input line 115.
LaTeX Font Info:    Font shape `OT1/cmtt/bx/n' in size <8> not available
(Font)              Font shape `OT1/cmtt/m/n' tried instead on input line 117.
Package color Info: Redefining color shadecolor on input line 126.
Package color Info: Redefining color shadecolor on input line 137.
Package color Info: Redefining color shadecolor on input line 151.
 [2]
Package color Info: Redefining color shadecolor on input line 165.
Package color Info: Redefining color shadecolor on input line 186.
Package color Info: Redefining color shadecolor on input line 211.
Package color Info: Redefining color shadecolor on input line 238.
 [3]
Package color Info: Redefining color shadecolor on input line 269.
 [4]
Package color Info: Redefining color shadecolor on input line 303.

<figures/UBL-Iris_RU1-1.pdf, id=126, 505.89pt x 505.89pt>
File: figures/UBL-Iris_RU1-1.pdf Graphic file (type pdf)

<use figures/UBL-Iris_RU1-1.pdf>
Package pdftex.def Info: figures/UBL-Iris_RU1-1.pdf used on input line 305.
(pdftex.def)             Requested size: 276.00105pt x 276.00177pt.
Package color Info: Redefining color shadecolor on input line 318.
Package color Info: Redefining color shadecolor on input line 350.

<figures/UBL-Iris_RU2-1.pdf, id=128, 505.89pt x 505.89pt>
File: figures/UBL-Iris_RU2-1.pdf Graphic file (type pdf)

<use figures/UBL-Iris_RU2-1.pdf>
Package pdftex.def Info: figures/UBL-Iris_RU2-1.pdf used on input line 352.
(pdftex.def)             Requested size: 345.0pt x 345.00414pt.
 [5 <./figures/UBL-Iris_RU1-1.pdf>] [6 <./figures/UBL-Iris_RU2-1.pdf>]
Package color Info: Redefining color shadecolor on input line 371.
Package color Info: Redefining color shadecolor on input line 408.

<figures/UBL-IrisRO-1.pdf, id=152, 505.89pt x 505.89pt>
File: figures/UBL-IrisRO-1.pdf Graphic file (type pdf)

<use figures/UBL-IrisRO-1.pdf>
Package pdftex.def Info: figures/UBL-IrisRO-1.pdf used on input line 410.
(pdftex.def)             Requested size: 276.00105pt x 276.00177pt.
Package color Info: Redefining color shadecolor on input line 425.

<figures/UBL-Iris_RO2-1.pdf, id=154, 505.89pt x 505.89pt>
File: figures/UBL-Iris_RO2-1.pdf Graphic file (type pdf)

<use figures/UBL-Iris_RO2-1.pdf>
Package pdftex.def Info: figures/UBL-Iris_RO2-1.pdf used on input line 427.
(pdftex.def)             Requested size: 345.0pt x 345.00414pt.
 [7]
LaTeX Font Info:    Try loading font information for OMS+cmr on input line 447.


(/usr/share/texlive/texmf-dist/tex/latex/base/omscmr.fd
File: omscmr.fd 1999/05/25 v2.5h Standard LaTeX font definitions
)
LaTeX Font Info:    Font shape `OMS/cmr/m/n' in size <10> not available
(Font)              Font shape `OMS/cmsy/m/n' tried instead on input line 447.
 [8 <./figures/UBL-IrisRO-1.pdf>] [9 <./figures/UBL-Iris_RO2-1.pdf>]
Package color Info: Redefining color shadecolor on input line 491.
 [10]
Package color Info: Redefining color shadecolor on input line 546.

<figures/UBL-TL_difPar-1.pdf, id=197, 505.89pt x 505.89pt>
File: figures/UBL-TL_difPar-1.pdf Graphic file (type pdf)

<use figures/UBL-TL_difPar-1.pdf>
Package pdftex.def Info: figures/UBL-TL_difPar-1.pdf used on input line 548.
(pdftex.def)             Requested size: 345.0pt x 345.00414pt.
 [11] [12 <./figures/UBL-TL_difPar-1.pdf>]
Package color Info: Redefining color shadecolor on input line 572.
Package color Info: Redefining color shadecolor on input line 628.

<figures/UBL-CNN_plot-1.pdf, id=219, 505.89pt x 505.89pt>
File: figures/UBL-CNN_plot-1.pdf Graphic file (type pdf)

<use figures/UBL-CNN_plot-1.pdf>
Package pdftex.def Info: figures/UBL-CNN_plot-1.pdf used on input line 630.
(pdftex.def)             Requested size: 345.0pt x 345.00414pt.
 [13] [14 <./figures/UBL-CNN_plot-1.pdf>]
Package color Info: Redefining color shadecolor on input line 652.

Overfull \hbox (3.505pt too wide) in paragraph at lines 657--657
[][]\OT1/cmtt/m/n/8 ir3[] []<-[] []OSSClassif[][](Species[][]~[][]., data,[] []
Cl[][]=[][]c[][]([][]"versicolor"[][],[] []"virginica"[][]),[] []start[][]=[][]
"Tomek"[][])[][] 
 []


Overfull \hbox (24.75531pt too wide) in paragraph at lines 661--661
[]\OT1/cmtt/m/n/8 ## Warning in TomekClassif(form, data, dist = dist, p = p, Cl
 = otherCl, rem = "both"):
 []

Package color Info: Redefining color shadecolor on input line 710.
<figures/UBL-OSS_plot-1.pdf, id=243, 505.89pt x 505.89pt>
File: figures/UBL-OSS_plot-1.pdf Graphic file (type pdf)

<use figures/UBL-OSS_plot-1.pdf>
Package pdftex.def Info: figures/UBL-OSS_plot-1.pdf used on input line 712.
(pdftex.def)             Requested size: 345.0pt x 345.00414pt.
 [15]
Package color Info: Redefining color shadecolor on input line 736.
Package color Info: Redefining color shadecolor on input line 772.

<figures/UBL-ir_ENN_plot-1.pdf, id=253, 505.89pt x 505.89pt>
File: figures/UBL-ir_ENN_plot-1.pdf Graphic file (type pdf)

<use figures/UBL-ir_ENN_plot-1.pdf>
Package pdftex.def Info: figures/UBL-ir_ENN_plot-1.pdf used on input line 774.
(pdftex.def)             Requested size: 345.00414pt x 299.00513pt.
 [16] [17 <./figures/UBL-OSS_plot-1.pdf>]
[18 <./figures/UBL-ir_ENN_plot-1.pdf>]
Package color Info: Redefining color shadecolor on input line 791.

Overfull \hbox (3.505pt too wide) in paragraph at lines 822--822
[][]\OT1/cmtt/m/n/8 g[] []<-[][]ggplot[][](cats,[] []aes[][](Bwt, Hwt,[] []col[
][]=Sex))[][]+[][]geom_point[][]()[][]+[][]ggtitle[][]([][]"Original data set"[
][])[][] 
 []

<figures/UBL-ENN_cats-1.pdf, id=282, 505.89pt x 505.89pt>
File: figures/UBL-ENN_cats-1.pdf Graphic file (type pdf)

<use figures/UBL-ENN_cats-1.pdf>
Package pdftex.def Info: figures/UBL-ENN_cats-1.pdf used on input line 834.
(pdftex.def)             Requested size: 345.0pt x 345.00414pt.
 [19] [20 <./figures/UBL-ENN_cats-1.pdf>]
Package color Info: Redefining color shadecolor on input line 856.

Overfull \hbox (7.75507pt too wide) in paragraph at lines 863--863
[]\OT1/cmtt/m/n/8 ## Warning in ENNClassif(form, data[which(data[, tgt] %in% ot
herCl), ], k, : There
 []


Overfull \hbox (7.75507pt too wide) in paragraph at lines 870--870
[]\OT1/cmtt/m/n/8 ## Warning in ENNClassif(form, data[which(data[, tgt] %in% ot
herCl), ], k, : There
 []

Package color Info: Redefining color shadecolor on input line 899.
<figures/UBL-NCL_plot-1.pdf, id=302, 505.89pt x 505.89pt>
File: figures/UBL-NCL_plot-1.pdf Graphic file (type pdf)

<use figures/UBL-NCL_plot-1.pdf>
Package pdftex.def Info: figures/UBL-NCL_plot-1.pdf used on input line 901.
(pdftex.def)             Requested size: 345.0pt x 345.00414pt.
 [21] [22 <./figures/UBL-NCL_plot-1.pdf>]
Package color Info: Redefining color shadecolor on input line 927.
Package color Info: Redefining color shadecolor on input line 968.

<figures/UBL-ir_GN_plot-1.pdf, id=328, 505.89pt x 505.89pt>
File: figures/UBL-ir_GN_plot-1.pdf Graphic file (type pdf)

<use figures/UBL-ir_GN_plot-1.pdf>
Package pdftex.def Info: figures/UBL-ir_GN_plot-1.pdf used on input line 970.
(pdftex.def)             Requested size: 345.00414pt x 299.00513pt.
Package color Info: Redefining color shadecolor on input line 983.

<figures/UBL-ir_GN_plot2-1.pdf, id=329, 505.89pt x 505.89pt>
File: figures/UBL-ir_GN_plot2-1.pdf Graphic file (type pdf)

<use figures/UBL-ir_GN_plot2-1.pdf>
Package pdftex.def Info: figures/UBL-ir_GN_plot2-1.pdf used on input line 985.
(pdftex.def)             Requested size: 345.0pt x 345.00414pt.
 [23] [24 <./figures/UBL-ir_GN_plot-1.pdf>]
[25 <./figures/UBL-ir_GN_plot2-1.pdf>]
Package color Info: Redefining color shadecolor on input line 1000.

<figures/UBL-smote_illust-1.pdf, id=361, 505.89pt x 505.89pt>
File: figures/UBL-smote_illust-1.pdf Graphic file (type pdf)

<use figures/UBL-smote_illust-1.pdf>
Package pdftex.def Info: figures/UBL-smote_illust-1.pdf used on input line 1002
.
(pdftex.def)             Requested size: 241.50444pt x 239.19638pt.
 [26 <./figures/UBL-smote_illust-1.pdf>]
Package color Info: Redefining color shadecolor on input line 1021.
Package color Info: Redefining color shadecolor on input line 1062.

<figures/UBL-smote_plot_hist-1.pdf, id=376, 505.89pt x 505.89pt>
File: figures/UBL-smote_plot_hist-1.pdf Graphic file (type pdf)

<use figures/UBL-smote_plot_hist-1.pdf>
Package pdftex.def Info: figures/UBL-smote_plot_hist-1.pdf used on input line 1
064.
(pdftex.def)             Requested size: 345.00414pt x 299.00513pt.
Package color Info: Redefining color shadecolor on input line 1076.

<figures/UBL-smote_plot-1.pdf, id=377, 505.89pt x 505.89pt>
File: figures/UBL-smote_plot-1.pdf Graphic file (type pdf)

<use figures/UBL-smote_plot-1.pdf>
Package pdftex.def Info: figures/UBL-smote_plot-1.pdf used on input line 1078.
(pdftex.def)             Requested size: 345.0pt x 345.00414pt.
 [27] [28 <./figures/UBL-smote_plot_hist-1.pdf>] [29 <./figures/UBL-smote_plot-
1.pdf>]
Package color Info: Redefining color shadecolor on input line 1097.

<figures/UBL-relev_ex-1.pdf, id=406, 505.89pt x 505.89pt>
File: figures/UBL-relev_ex-1.pdf Graphic file (type pdf)

<use figures/UBL-relev_ex-1.pdf>
Package pdftex.def Info: figures/UBL-relev_ex-1.pdf used on input line 1099.
(pdftex.def)             Requested size: 345.0pt x 345.00414pt.
Package color Info: Redefining color shadecolor on input line 1115.
 [30 <./figures/UBL-relev_ex-1.pdf>]
Package color Info: Redefining color shadecolor on input line 1148.
 [31]
Package color Info: Redefining color shadecolor on input line 1178.
Package color Info: Redefining color shadecolor on input line 1201.

<figures/UBL-RU_ex1-1.pdf, id=429, 505.89pt x 505.89pt>
File: figures/UBL-RU_ex1-1.pdf Graphic file (type pdf)

<use figures/UBL-RU_ex1-1.pdf>
Package pdftex.def Info: figures/UBL-RU_ex1-1.pdf used on input line 1203.
(pdftex.def)             Requested size: 345.0pt x 345.00414pt.
Package color Info: Redefining color shadecolor on input line 1217.
 [32] [33 <./figures/UBL-RU_ex1-1.pdf>]
Package color Info: Redefining color shadecolor on input line 1244.
Package color Info: Redefining color shadecolor on input line 1258.

<figures/UBL-RU_ex2-1.pdf, id=447, 505.89pt x 505.89pt>
File: figures/UBL-RU_ex2-1.pdf Graphic file (type pdf)

<use figures/UBL-RU_ex2-1.pdf>
Package pdftex.def Info: figures/UBL-RU_ex2-1.pdf used on input line 1260.
(pdftex.def)             Requested size: 345.0pt x 345.00414pt.

Overfull \hbox (6.22289pt too wide) in paragraph at lines 1276--1283
 [][] 
 []

[34] [35 <./figures/UBL-RU_ex2-1.pdf>]
Package color Info: Redefining color shadecolor on input line 1296.
Package color Info: Redefining color shadecolor on input line 1314.

<figures/UBL-RO_ex1-1.pdf, id=466, 505.89pt x 505.89pt>
File: figures/UBL-RO_ex1-1.pdf Graphic file (type pdf)

<use figures/UBL-RO_ex1-1.pdf>
Package pdftex.def Info: figures/UBL-RO_ex1-1.pdf used on input line 1316.
(pdftex.def)             Requested size: 345.0pt x 345.00414pt.
 [36 <./figures/UBL-RO_ex1-1.pdf>] [37]
Package color Info: Redefining color shadecolor on input line 1356.
Package color Info: Redefining color shadecolor on input line 1373.

<figures/UBL-GN_plot1-1.pdf, id=492, 505.89pt x 505.89pt>
File: figures/UBL-GN_plot1-1.pdf Graphic file (type pdf)

<use figures/UBL-GN_plot1-1.pdf>
Package pdftex.def Info: figures/UBL-GN_plot1-1.pdf used on input line 1375.
(pdftex.def)             Requested size: 345.0pt x 345.00414pt.
Package color Info: Redefining color shadecolor on input line 1389.

<figures/UBL-GN_plot2-1.pdf, id=493, 505.89pt x 505.89pt>
File: figures/UBL-GN_plot2-1.pdf Graphic file (type pdf)

<use figures/UBL-GN_plot2-1.pdf>
Package pdftex.def Info: figures/UBL-GN_plot2-1.pdf used on input line 1391.
(pdftex.def)             Requested size: 276.00105pt x 276.00177pt.
Package color Info: Redefining color shadecolor on input line 1406.
 [38 <./figures/UBL-GN_plot1-1.pdf>]
Package color Info: Redefining color shadecolor on input line 1424.

<figures/UBL-GN_plot3-1.pdf, id=507, 505.89pt x 505.89pt>
File: figures/UBL-GN_plot3-1.pdf Graphic file (type pdf)

<use figures/UBL-GN_plot3-1.pdf>
Package pdftex.def Info: figures/UBL-GN_plot3-1.pdf used on input line 1426.
(pdftex.def)             Requested size: 276.00105pt x 276.00177pt.
 [39 <./figures/UBL-GN_plot2-1.pdf>]
Package color Info: Redefining color shadecolor on input line 1447.
 [40 <./figures/UBL-GN_plot3-1.pdf>]
<figures/UBL-smoteR_rel1-1.pdf, id=530, 505.89pt x 505.89pt>
File: figures/UBL-smoteR_rel1-1.pdf Graphic file (type pdf)

<use figures/UBL-smoteR_rel1-1.pdf>
Package pdftex.def Info: figures/UBL-smoteR_rel1-1.pdf used on input line 1470.

(pdftex.def)             Requested size: 345.0pt x 345.00414pt.
 [41 <./figures/UBL-smoteR_rel1-1.pdf>]
Package color Info: Redefining color shadecolor on input line 1483.

Overfull \hbox (0.78613pt too wide) in paragraph at lines 1485--1485
[][]\OT1/cmtt/m/it/8 # we have two bumps: the first must be under-sampled and t
he second over-sampled. [][] 
 []


Overfull \hbox (97.38536pt too wide) in paragraph at lines 1489--1489
[][]\OT1/cmtt/m/it/8 # using these percentages and the relevance threshold of 0
.8 with all the other parameters default values[][] 
 []


Overfull \hbox (139.38503pt too wide) in paragraph at lines 1490--1490
[][]\OT1/cmtt/m/it/8 # it is necessary to set the distance function to "HEOM" b
ecause the data set contains nominal and numeric features[][] 
 []


Overfull \hbox (12.00513pt too wide) in paragraph at lines 1491--1491
[][]\OT1/cmtt/m/n/8 mysm[] []<-[] []smoteRegress[][](a7[][]~[][]., clean.algae,
[] []thr.rel[][]=thr.rel,[] []dist[][]=[][]"HEOM"[][],[] []C.perc[][]=C.perc)[]
[] 
 []


Overfull \hbox (20.50525pt too wide) in paragraph at lines 1494--1494
[][]\OT1/cmtt/m/n/8 smB[] []<-[] []smoteRegress[][](a7[][]~[][]., clean.algae,[
] []thr.rel[][]=thr.rel,[] []dist[][]=[][]"HEOM"[][],[] []C.perc[][]=[][]"balan
ce"[][])[][] 
 []


Overfull \hbox (20.50525pt too wide) in paragraph at lines 1497--1497
[][]\OT1/cmtt/m/n/8 smE[] []<-[] []smoteRegress[][](a7[][]~[][]., clean.algae,[
] []thr.rel[][]=thr.rel,[] []dist[][]=[][]"HEOM"[][],[] []C.perc[][]=[][]"extre
me"[][])[][] 
 []

Package color Info: Redefining color shadecolor on input line 1505.
<figures/UBL-smoteR_plot1-1.pdf, id=544, 505.89pt x 505.89pt>
File: figures/UBL-smoteR_plot1-1.pdf Graphic file (type pdf)

<use figures/UBL-smoteR_plot1-1.pdf>
Package pdftex.def Info: figures/UBL-smoteR_plot1-1.pdf used on input line 1507
.
(pdftex.def)             Requested size: 345.0pt x 345.00414pt.
 [42 <./figures/UBL-smoteR_plot1-1.pdf>]
Package color Info: Redefining color shadecolor on input line 1543.

<figures/UBL-smoteR_1bar-1.pdf, id=559, 505.89pt x 505.89pt>
File: figures/UBL-smoteR_1bar-1.pdf Graphic file (type pdf)

<use figures/UBL-smoteR_1bar-1.pdf>
Package pdftex.def Info: figures/UBL-smoteR_1bar-1.pdf used on input line 1545.

(pdftex.def)             Requested size: 345.00414pt x 299.00513pt.
Package color Info: Redefining color shadecolor on input line 1558.

<figures/UBL-smoteR_fig2-1.pdf, id=561, 505.89pt x 505.89pt>
File: figures/UBL-smoteR_fig2-1.pdf Graphic file (type pdf)

<use figures/UBL-smoteR_fig2-1.pdf>
Package pdftex.def Info: figures/UBL-smoteR_fig2-1.pdf used on input line 1560.

(pdftex.def)             Requested size: 276.00105pt x 276.00177pt.
 [43] [44 <./figures/UBL-smoteR_1bar-1.pdf>]
Package color Info: Redefining color shadecolor on input line 1584.
Package color Info: Redefining color shadecolor on input line 1598.
<figures/UBL-IS_plot1-1.pdf, id=582, 505.89pt x 505.89pt>
File: figures/UBL-IS_plot1-1.pdf Graphic file (type pdf)

<use figures/UBL-IS_plot1-1.pdf>
Package pdftex.def Info: figures/UBL-IS_plot1-1.pdf used on input line 1600.
(pdftex.def)             Requested size: 345.0pt x 345.00414pt.
Package color Info: Redefining color shadecolor on input line 1612.

<figures/UBL-IS_plot2-1.pdf, id=583, 505.89pt x 505.89pt>
File: figures/UBL-IS_plot2-1.pdf Graphic file (type pdf)

<use figures/UBL-IS_plot2-1.pdf>
Package pdftex.def Info: figures/UBL-IS_plot2-1.pdf used on input line 1614.
(pdftex.def)             Requested size: 276.00105pt x 276.00177pt.
Package color Info: Redefining color shadecolor on input line 1627.
 [45 <./figures/UBL-smoteR_fig2-1.pdf>]
[46 <./figures/UBL-IS_plot1-1.pdf>]
Package color Info: Redefining color shadecolor on input line 1641.

<figures/UBL-IS_plot3-1.pdf, id=608, 505.89pt x 505.89pt>
File: figures/UBL-IS_plot3-1.pdf Graphic file (type pdf)

<use figures/UBL-IS_plot3-1.pdf>
Package pdftex.def Info: figures/UBL-IS_plot3-1.pdf used on input line 1643.
(pdftex.def)             Requested size: 345.0pt x 345.00414pt.
Package color Info: Redefining color shadecolor on input line 1655.

<figures/UBL-IS_plot4-1.pdf, id=609, 505.89pt x 505.89pt>
File: figures/UBL-IS_plot4-1.pdf Graphic file (type pdf)

<use figures/UBL-IS_plot4-1.pdf>
Package pdftex.def Info: figures/UBL-IS_plot4-1.pdf used on input line 1657.
(pdftex.def)             Requested size: 276.00105pt x 276.00177pt.
 [47 <./figures/UBL-IS_plot2-1.pdf>] [48 <./figures/UBL-IS_plot3-1.pdf>] [49 <.
/figures/UBL-IS_plot4-1.pdf>]
Package color Info: Redefining color shadecolor on input line 1707.
Package color Info: Redefining color shadecolor on input line 1737.

<figures/UBL-dist_num-1.pdf, id=653, 505.89pt x 505.89pt>
File: figures/UBL-dist_num-1.pdf Graphic file (type pdf)

<use figures/UBL-dist_num-1.pdf>
Package pdftex.def Info: figures/UBL-dist_num-1.pdf used on input line 1739.
(pdftex.def)             Requested size: 345.0pt x 345.00414pt.
Package color Info: Redefining color shadecolor on input line 1763.
 [50] [51 <./figures/UBL-dist_num-1.pdf>]
Overfull \hbox (3.505pt too wide) in paragraph at lines 1781--1781
[][]\OT1/cmtt/m/n/8 ndat1[] []<-[] []ENNClassif[][](speed[][]~[][]., clean.alga
e,[] []dist[][]=[][]"Overlap"[][],[]  []Cl[][]=[][]c[][]([][]"high"[][],[] []"m
edium"[][]))[][] 
 []

Package color Info: Redefining color shadecolor on input line 1796.
<figures/UBL-dist_overlap-1.pdf, id=676, 505.89pt x 505.89pt>
File: figures/UBL-dist_overlap-1.pdf Graphic file (type pdf)

<use figures/UBL-dist_overlap-1.pdf>
Package pdftex.def Info: figures/UBL-dist_overlap-1.pdf used on input line 1798
.
(pdftex.def)             Requested size: 345.0pt x 345.00414pt.
Package color Info: Redefining color shadecolor on input line 1826.
 [52] [53 <./figures/UBL-dist_overlap-1.pdf>]
Package color Info: Redefining color shadecolor on input line 1857.
 <figures/UBL-dist_heom-1.pdf, id=698, 505.89pt x 505.89pt>
File: figures/UBL-dist_heom-1.pdf Graphic file (type pdf)

<use figures/UBL-dist_heom-1.pdf>
Package pdftex.def Info: figures/UBL-dist_heom-1.pdf used on input line 1859.
(pdftex.def)             Requested size: 345.0pt x 345.00414pt.

Overfull \hbox (3.69495pt too wide) in paragraph at lines 1870--1871
[]\OT1/cmr/m/n/10 Other pro-pos-als, such as the Het-ero-ge-neous Value Dif-fer
-ence Met-ric (HVDM),
 []


Underfull \hbox (badness 10000) in paragraph at lines 1874--1881

 []

[54 <./figures/UBL-dist_heom-1.pdf>]
Package color Info: Redefining color shadecolor on input line 1916.

Overfull \hbox (24.75531pt too wide) in paragraph at lines 1934--1934
[]\OT1/cmtt/m/n/8 ##  autumn:36   large :42   high  :76   Min.   :7.000   Min. 
  : 1.500   Min.   :  0.80[] 
 []


Overfull \hbox (24.75531pt too wide) in paragraph at lines 1934--1934
[]\OT1/cmtt/m/n/8 ##  spring:48   medium:83   low   :31   1st Qu.:7.777   1st Q
u.: 7.675   1st Qu.: 11.85[] 
 []


Overfull \hbox (24.75531pt too wide) in paragraph at lines 1934--1934
[]\OT1/cmtt/m/n/8 ##  summer:43   small :59   medium:77   Median :8.100   Media
n : 9.750   Median : 35.08[] 
 []


Overfull \hbox (24.75531pt too wide) in paragraph at lines 1934--1934
[]\OT1/cmtt/m/n/8 ##  winter:57                           Mean   :8.078   Mean 
  : 9.019   Mean   : 44.88[] 
 []


Overfull \hbox (24.75531pt too wide) in paragraph at lines 1934--1934
[]\OT1/cmtt/m/n/8 ##                                      3rd Qu.:8.400   3rd Q
u.:10.700   3rd Qu.: 58.52[] 
 []


Overfull \hbox (24.75531pt too wide) in paragraph at lines 1934--1934
[]\OT1/cmtt/m/n/8 ##                                      Max.   :9.500   Max. 
  :13.400   Max.   :391.50[] 
 []

[55]
Package color Info: Redefining color shadecolor on input line 1947.
 <figures/UBL-dist_HVDM-1.pdf, id=732, 505.89pt x 505.89pt>
File: figures/UBL-dist_HVDM-1.pdf Graphic file (type pdf)

<use figures/UBL-dist_HVDM-1.pdf>
Package pdftex.def Info: figures/UBL-dist_HVDM-1.pdf used on input line 1949.
(pdftex.def)             Requested size: 345.0pt x 345.00414pt.
Package color Info: Redefining color shadecolor on input line 1963.

<figures/UBL-dist_HVDM2-1.pdf, id=734, 505.89pt x 505.89pt>
File: figures/UBL-dist_HVDM2-1.pdf Graphic file (type pdf)

<use figures/UBL-dist_HVDM2-1.pdf>
Package pdftex.def Info: figures/UBL-dist_HVDM2-1.pdf used on input line 1965.
(pdftex.def)             Requested size: 345.0pt x 345.00414pt.

Overfull \hbox (7.91966pt too wide) in paragraph at lines 1979--1979
[]\OT1/cmr/bx/n/14.4 Experimental Com-par-i-son of Meth-ods for Clas-
 []

[56 <./figures/UBL-dist_HVDM-1.pdf>] [57 <./figures/UBL-dist_HVDM2-1.pdf>]
Package color Info: Redefining color shadecolor on input line 2030.

[58]
Package color Info: Redefining color shadecolor on input line 2067.
 [59]
Package color Info: Redefining color shadecolor on input line 2132.
 <figures/UBL-Ionosphere_plot1-1.pdf, id=774, 505.89pt x 505.89pt>
File: figures/UBL-Ionosphere_plot1-1.pdf Graphic file (type pdf)

<use figures/UBL-Ionosphere_plot1-1.pdf>
Package pdftex.def Info: figures/UBL-Ionosphere_plot1-1.pdf used on input line 
2134.
(pdftex.def)             Requested size: 345.0pt x 345.00414pt.
Package color Info: Redefining color shadecolor on input line 2146.
 [60 <./figures/UBL-Ionosphere_plot1-1.pdf>]
Package color Info: Redefining color shadecolor on input line 2160.
 <figures/UBL-thor_plot1-1.pdf, id=789, 505.89pt x 505.89pt>
File: figures/UBL-thor_plot1-1.pdf Graphic file (type pdf)

<use figures/UBL-thor_plot1-1.pdf>
Package pdftex.def Info: figures/UBL-thor_plot1-1.pdf used on input line 2162.
(pdftex.def)             Requested size: 345.0pt x 345.00414pt.
Package color Info: Redefining color shadecolor on input line 2174.
 [61 <./figures/UBL-thor_plot1-1.pdf>]
Package color Info: Redefining color shadecolor on input line 2238.

<figures/UBL-pima_plot1-1.pdf, id=805, 505.89pt x 505.89pt>
File: figures/UBL-pima_plot1-1.pdf Graphic file (type pdf)

<use figures/UBL-pima_plot1-1.pdf>
Package pdftex.def Info: figures/UBL-pima_plot1-1.pdf used on input line 2240.
(pdftex.def)             Requested size: 345.0pt x 345.00414pt.
Package color Info: Redefining color shadecolor on input line 2252.

<figures/UBL-pima_plot2-1.pdf, id=807, 505.89pt x 505.89pt>
File: figures/UBL-pima_plot2-1.pdf Graphic file (type pdf)

<use figures/UBL-pima_plot2-1.pdf>
Package pdftex.def Info: figures/UBL-pima_plot2-1.pdf used on input line 2254.
(pdftex.def)             Requested size: 345.0pt x 345.00414pt.
 [62] [63 <./figures/UBL-pima_plot1-1.pdf>]
[64 <./figures/UBL-pima_plot2-1.pdf>]
Package color Info: Redefining color shadecolor on input line 2317.
Package color Info: Redefining color shadecolor on input line 2342.
 [65]
Underfull \vbox (badness 1092) detected at line 2421
 []

[66]
Package color Info: Redefining color shadecolor on input line 2428.
 <figures/UBL-algae_plot1-1.pdf, id=856, 505.89pt x 505.89pt>
File: figures/UBL-algae_plot1-1.pdf Graphic file (type pdf)

<use figures/UBL-algae_plot1-1.pdf>
Package pdftex.def Info: figures/UBL-algae_plot1-1.pdf used on input line 2430.

(pdftex.def)             Requested size: 345.0pt x 345.00414pt.
Package color Info: Redefining color shadecolor on input line 2441.

<figures/UBL-acceleration_plot1-1.pdf, id=857, 505.89pt x 505.89pt>
File: figures/UBL-acceleration_plot1-1.pdf Graphic file (type pdf)

<use figures/UBL-acceleration_plot1-1.pdf>
Package pdftex.def Info: figures/UBL-acceleration_plot1-1.pdf used on input lin
e 2443.
(pdftex.def)             Requested size: 345.0pt x 345.00414pt.
Package color Info: Redefining color shadecolor on input line 2454.

<figures/UBL-boston_plot1-1.pdf, id=858, 505.89pt x 505.89pt>
File: figures/UBL-boston_plot1-1.pdf Graphic file (type pdf)

<use figures/UBL-boston_plot1-1.pdf>
Package pdftex.def Info: figures/UBL-boston_plot1-1.pdf used on input line 2456
.
(pdftex.def)             Requested size: 345.0pt x 345.00414pt.

Overfull \hbox (8.27835pt too wide) in paragraph at lines 2472--2473
[]\OT1/cmr/m/n/10 The ex-ist-ing strate-gies for deal-ing with im-bal-anced do-
mains as a pre-processing
 []

[67] [68 <./figures/UBL-algae_plot1-1.pdf>] [69 <./figures/UBL-acceleration_plo
t1-1.pdf>] [70 <./figures/UBL-boston_plot1-1.pdf>] (./UBL.bbl)
Package atveryend Info: Empty hook `BeforeClearDocument' on input line 2478.
 [71]
Package atveryend Info: Empty hook `AfterLastShipout' on input line 2478.
 (./UBL.aux)
Package atveryend Info: Executing hook `AtVeryEndDocument' on input line 2478.
Package atveryend Info: Executing hook `AtEndAfterFileList' on input line 2478.

Package rerunfilecheck Info: File `UBL.out' has not changed.
(rerunfilecheck)             Checksum: 83FFB6D4B4834EE1DAB228F85D9C69F1;5490.
Package atveryend Info: Empty hook `AtVeryVeryEnd' on input line 2478.
 ) 
Here is how much of TeX's memory you used:
 12181 strings out of 494985
 177085 string characters out of 6180355
 260415 words of memory out of 5000000
 15047 multiletter control sequences out of 15000+600000
 13296 words of font info for 53 fonts, out of 8000000 for 9000
 36 hyphenation exceptions out of 8191
 42i,12n,75p,1387b,419s stack positions out of 5000i,500n,10000p,200000b,80000s
</usr/share/texlive/texmf-dist/fonts/type1/public/amsfonts/cm/cmbx10.pfb></us
r/share/texlive/texmf-dist/fonts/type1/public/amsfonts/cm/cmbx12.pfb></usr/shar
e/texlive/texmf-dist/fonts/type1/public/amsfonts/cm/cmbx9.pfb></usr/share/texli
ve/texmf-dist/fonts/type1/public/amsfonts/cm/cmex10.pfb></usr/share/texlive/tex
mf-dist/fonts/type1/public/amsfonts/cm/cmitt10.pfb></usr/share/texlive/texmf-di
st/fonts/type1/public/amsfonts/cm/cmmi10.pfb></usr/share/texlive/texmf-dist/fon
ts/type1/public/amsfonts/cm/cmmi5.pfb></usr/share/texlive/texmf-dist/fonts/type
1/public/amsfonts/cm/cmmi7.pfb></usr/share/texlive/texmf-dist/fonts/type1/publi
c/amsfonts/cm/cmr10.pfb></usr/share/texlive/texmf-dist/fonts/type1/public/amsfo
nts/cm/cmr12.pfb></usr/share/texlive/texmf-dist/fonts/type1/public/amsfonts/cm/
cmr17.pfb></usr/share/texlive/texmf-dist/fonts/type1/public/amsfonts/cm/cmr5.pf
b></usr/share/texlive/texmf-dist/fonts/type1/public/amsfonts/cm/cmr7.pfb></usr/
share/texlive/texmf-dist/fonts/type1/public/amsfonts/cm/cmr9.pfb></usr/share/te
xlive/texmf-dist/fonts/type1/public/amsfonts/cm/cmsy10.pfb></usr/share/texlive/
texmf-dist/fonts/type1/public/amsfonts/cm/cmsy7.pfb></usr/share/texlive/texmf-d
ist/fonts/type1/public/amsfonts/cm/cmti10.pfb></usr/share/texlive/texmf-dist/fo
nts/type1/public/amsfonts/cm/cmtt10.pfb></usr/share/texlive/texmf-dist/fonts/ty
pe1/public/amsfonts/cm/cmtt12.pfb></usr/share/texlive/texmf-dist/fonts/type1/pu
blic/amsfonts/cm/cmtt8.pfb></usr/share/texlive/texmf-dist/fonts/type1/public/am
sfonts/cm/cmtt9.pfb></usr/share/texlive/texmf-dist/fonts/type1/public/amsfonts/
symbols/msbm10.pfb>
Output written on UBL.pdf (71 pages, 1143505 bytes).
PDF statistics:
 1020 PDF objects out of 1200 (max. 8388607)
 832 compressed objects within 9 object streams
 180 named destinations out of 1000 (max. 500000)
 395 words of extra memory for PDF output out of 10000 (max. 10000000)

